[2018-04-02 09:23:03,920] DEBUG preRegister called. Server=com.sun.jmx.mbeanserver.JmxMBeanServer@66d3c617, name=log4j:logger=kafka.controller (kafka.controller)
[2018-04-02 09:23:39,359] INFO [controller-event-thread]: Starting (kafka.controller.ControllerEventManager$ControllerEventThread)
[2018-04-02 09:23:39,390] INFO [Controller id=1] 1 successfully elected as the controller (kafka.controller.KafkaController)
[2018-04-02 09:23:39,391] INFO [Controller id=1] Starting become controller state transition (kafka.controller.KafkaController)
[2018-04-02 09:23:39,470] INFO [Controller id=1] Incremented epoch to 1 (kafka.controller.KafkaController)
[2018-04-02 09:23:39,485] DEBUG [Controller id=1] Registering IsrChangeNotificationListener (kafka.controller.KafkaController)
[2018-04-02 09:23:39,501] DEBUG [Controller id=1] Registering logDirEventNotificationListener (kafka.controller.KafkaController)
[2018-04-02 09:23:39,525] INFO [Controller id=1] Partitions being reassigned: Map() (kafka.controller.KafkaController)
[2018-04-02 09:23:39,525] INFO [Controller id=1] Partitions already reassigned: Set() (kafka.controller.KafkaController)
[2018-04-02 09:23:39,527] INFO [Controller id=1] Resuming reassignment of partitions: Map() (kafka.controller.KafkaController)
[2018-04-02 09:23:39,529] INFO [Controller id=1] Currently active brokers in the cluster: Set() (kafka.controller.KafkaController)
[2018-04-02 09:23:39,530] INFO [Controller id=1] Currently shutting brokers in the cluster: Set() (kafka.controller.KafkaController)
[2018-04-02 09:23:39,530] INFO [Controller id=1] Current list of topics in the cluster: Set() (kafka.controller.KafkaController)
[2018-04-02 09:23:39,536] INFO [Controller id=1] List of topics to be deleted:  (kafka.controller.KafkaController)
[2018-04-02 09:23:39,536] INFO [Controller id=1] List of topics ineligible for deletion:  (kafka.controller.KafkaController)
[2018-04-02 09:23:39,557] INFO [ReplicaStateMachine controllerId=1] Started replica state machine with initial state -> Map() (kafka.controller.ReplicaStateMachine)
[2018-04-02 09:23:39,561] INFO [PartitionStateMachine controllerId=1] Started partition state machine with initial state -> Map() (kafka.controller.PartitionStateMachine)
[2018-04-02 09:23:39,562] INFO [Controller id=1] Ready to serve as the new controller with epoch 1 (kafka.controller.KafkaController)
[2018-04-02 09:23:39,566] INFO [Controller id=1] Partitions undergoing preferred replica election:  (kafka.controller.KafkaController)
[2018-04-02 09:23:39,567] INFO [Controller id=1] Partitions that completed preferred replica election:  (kafka.controller.KafkaController)
[2018-04-02 09:23:39,568] INFO [Controller id=1] Skipping preferred replica election for partitions due to topic deletion:  (kafka.controller.KafkaController)
[2018-04-02 09:23:39,568] INFO [Controller id=1] Resuming preferred replica election for partitions:  (kafka.controller.KafkaController)
[2018-04-02 09:23:39,569] INFO [Controller id=1] Starting preferred replica leader election for partitions  (kafka.controller.KafkaController)
[2018-04-02 09:23:39,572] INFO [PartitionStateMachine controllerId=1] Invoking state change to OnlinePartition for partitions  (kafka.controller.PartitionStateMachine)
[2018-04-02 09:23:39,627] INFO [Controller id=1] Starting the controller scheduler (kafka.controller.KafkaController)
[2018-04-02 09:23:39,653] INFO [Controller id=1] Newly added brokers: 1, deleted brokers: , all live brokers: 1 (kafka.controller.KafkaController)
[2018-04-02 09:23:39,654] DEBUG [Channel manager on controller 1]: Controller 1 trying to connect to broker 1 (kafka.controller.ControllerChannelManager)
[2018-04-02 09:23:39,661] INFO [Controller-1-to-broker-1-send-thread]: Starting (kafka.controller.RequestSendThread)
[2018-04-02 09:23:39,662] INFO [Controller id=1] New broker startup callback for 1 (kafka.controller.KafkaController)
[2018-04-02 09:23:39,693] INFO [Controller-1-to-broker-1-send-thread]: Controller 1 connected to jacky-OptiPlex-7010:9092 (id: 1 rack: null) for sending state change requests (kafka.controller.RequestSendThread)
[2018-04-02 09:23:44,630] TRACE [Controller id=1] Checking need to trigger auto leader balancing (kafka.controller.KafkaController)
[2018-04-02 09:23:44,633] DEBUG [Controller id=1] Preferred replicas by broker Map() (kafka.controller.KafkaController)
[2018-04-02 09:23:49,035] INFO [Controller id=1] Shutting down broker 1 (kafka.controller.KafkaController)
[2018-04-02 09:23:49,036] DEBUG [Controller id=1] All shutting down brokers: 1 (kafka.controller.KafkaController)
[2018-04-02 09:23:49,036] DEBUG [Controller id=1] Live brokers:  (kafka.controller.KafkaController)
[2018-04-02 09:23:49,038] TRACE [Controller id=1] All leaders =  (kafka.controller.KafkaController)
[2018-04-02 09:23:51,645] INFO [controller-event-thread]: Shutting down (kafka.controller.ControllerEventManager$ControllerEventThread)
[2018-04-02 09:23:51,645] INFO [controller-event-thread]: Stopped (kafka.controller.ControllerEventManager$ControllerEventThread)
[2018-04-02 09:23:51,645] INFO [controller-event-thread]: Shutdown completed (kafka.controller.ControllerEventManager$ControllerEventThread)
[2018-04-02 09:23:51,646] DEBUG [Controller id=1] Resigning (kafka.controller.KafkaController)
[2018-04-02 09:23:51,646] DEBUG [Controller id=1] De-registering IsrChangeNotificationListener (kafka.controller.KafkaController)
[2018-04-02 09:23:51,648] DEBUG [Controller id=1] De-registering logDirEventNotificationListener (kafka.controller.KafkaController)
[2018-04-02 09:23:51,649] INFO [PartitionStateMachine controllerId=1] Stopped partition state machine (kafka.controller.PartitionStateMachine)
[2018-04-02 09:23:51,650] INFO [ReplicaStateMachine controllerId=1] Stopped replica state machine (kafka.controller.ReplicaStateMachine)
[2018-04-02 09:23:51,650] INFO [Controller-1-to-broker-1-send-thread]: Shutting down (kafka.controller.RequestSendThread)
[2018-04-02 09:23:51,650] INFO [Controller-1-to-broker-1-send-thread]: Stopped (kafka.controller.RequestSendThread)
[2018-04-02 09:23:51,650] INFO [Controller-1-to-broker-1-send-thread]: Shutdown completed (kafka.controller.RequestSendThread)
[2018-04-02 09:23:51,653] INFO [Controller id=1] Resigned (kafka.controller.KafkaController)
[2018-04-02 09:26:39,939] INFO [controller-event-thread]: Starting (kafka.controller.ControllerEventManager$ControllerEventThread)
[2018-04-02 09:26:39,972] INFO [Controller id=1] 1 successfully elected as the controller (kafka.controller.KafkaController)
[2018-04-02 09:26:39,973] INFO [Controller id=1] Starting become controller state transition (kafka.controller.KafkaController)
[2018-04-02 09:26:39,986] INFO [Controller id=1] Initialized controller epoch to 1 and zk version 0 (kafka.controller.KafkaController)
[2018-04-02 09:26:39,999] INFO [Controller id=1] Incremented epoch to 2 (kafka.controller.KafkaController)
[2018-04-02 09:26:40,004] DEBUG [Controller id=1] Registering IsrChangeNotificationListener (kafka.controller.KafkaController)
[2018-04-02 09:26:40,017] DEBUG [Controller id=1] Registering logDirEventNotificationListener (kafka.controller.KafkaController)
[2018-04-02 09:26:40,036] INFO [Controller id=1] Partitions being reassigned: Map() (kafka.controller.KafkaController)
[2018-04-02 09:26:40,037] INFO [Controller id=1] Partitions already reassigned: Set() (kafka.controller.KafkaController)
[2018-04-02 09:26:40,038] INFO [Controller id=1] Resuming reassignment of partitions: Map() (kafka.controller.KafkaController)
[2018-04-02 09:26:40,039] INFO [Controller id=1] Currently active brokers in the cluster: Set() (kafka.controller.KafkaController)
[2018-04-02 09:26:40,039] INFO [Controller id=1] Currently shutting brokers in the cluster: Set() (kafka.controller.KafkaController)
[2018-04-02 09:26:40,040] INFO [Controller id=1] Current list of topics in the cluster: Set() (kafka.controller.KafkaController)
[2018-04-02 09:26:40,043] INFO [Controller id=1] List of topics to be deleted:  (kafka.controller.KafkaController)
[2018-04-02 09:26:40,043] INFO [Controller id=1] List of topics ineligible for deletion:  (kafka.controller.KafkaController)
[2018-04-02 09:26:40,059] INFO [ReplicaStateMachine controllerId=1] Started replica state machine with initial state -> Map() (kafka.controller.ReplicaStateMachine)
[2018-04-02 09:26:40,062] INFO [PartitionStateMachine controllerId=1] Started partition state machine with initial state -> Map() (kafka.controller.PartitionStateMachine)
[2018-04-02 09:26:40,063] INFO [Controller id=1] Ready to serve as the new controller with epoch 2 (kafka.controller.KafkaController)
[2018-04-02 09:26:40,069] INFO [Controller id=1] Partitions undergoing preferred replica election:  (kafka.controller.KafkaController)
[2018-04-02 09:26:40,070] INFO [Controller id=1] Partitions that completed preferred replica election:  (kafka.controller.KafkaController)
[2018-04-02 09:26:40,070] INFO [Controller id=1] Skipping preferred replica election for partitions due to topic deletion:  (kafka.controller.KafkaController)
[2018-04-02 09:26:40,071] INFO [Controller id=1] Resuming preferred replica election for partitions:  (kafka.controller.KafkaController)
[2018-04-02 09:26:40,071] INFO [Controller id=1] Starting preferred replica leader election for partitions  (kafka.controller.KafkaController)
[2018-04-02 09:26:40,073] INFO [PartitionStateMachine controllerId=1] Invoking state change to OnlinePartition for partitions  (kafka.controller.PartitionStateMachine)
[2018-04-02 09:26:40,098] INFO [Controller id=1] Starting the controller scheduler (kafka.controller.KafkaController)
[2018-04-02 09:26:40,113] INFO [Controller id=1] Newly added brokers: 1, deleted brokers: , all live brokers: 1 (kafka.controller.KafkaController)
[2018-04-02 09:26:40,114] DEBUG [Channel manager on controller 1]: Controller 1 trying to connect to broker 1 (kafka.controller.ControllerChannelManager)
[2018-04-02 09:26:40,122] INFO [Controller-1-to-broker-1-send-thread]: Starting (kafka.controller.RequestSendThread)
[2018-04-02 09:26:40,123] INFO [Controller id=1] New broker startup callback for 1 (kafka.controller.KafkaController)
[2018-04-02 09:26:40,134] INFO [Controller-1-to-broker-1-send-thread]: Controller 1 connected to jacky-OptiPlex-7010:9092 (id: 1 rack: null) for sending state change requests (kafka.controller.RequestSendThread)
[2018-04-02 09:26:45,100] TRACE [Controller id=1] Checking need to trigger auto leader balancing (kafka.controller.KafkaController)
[2018-04-02 09:26:45,104] DEBUG [Controller id=1] Preferred replicas by broker Map() (kafka.controller.KafkaController)
[2018-04-02 09:28:38,901] INFO [Controller id=1] New topics: [Set(test)], deleted topics: [Set()], new partition replica assignment [Map(test-0 -> Vector(1))] (kafka.controller.KafkaController)
[2018-04-02 09:28:38,901] INFO [Controller id=1] New topic creation callback for test-0 (kafka.controller.KafkaController)
[2018-04-02 09:28:38,915] INFO [Controller id=1] New partition creation callback for test-0 (kafka.controller.KafkaController)
[2018-04-02 09:28:38,916] INFO [PartitionStateMachine controllerId=1] Invoking state change to NewPartition for partitions test-0 (kafka.controller.PartitionStateMachine)
[2018-04-02 09:28:38,919] INFO [ReplicaStateMachine controllerId=1] Invoking state change to NewReplica for replicas [Topic=test,Partition=0,Replica=1] (kafka.controller.ReplicaStateMachine)
[2018-04-02 09:28:38,923] INFO [PartitionStateMachine controllerId=1] Invoking state change to OnlinePartition for partitions test-0 (kafka.controller.PartitionStateMachine)
[2018-04-02 09:28:38,924] DEBUG [PartitionStateMachine controllerId=1] Live assigned replicas for partition test-0 are: [List(1)] (kafka.controller.PartitionStateMachine)
[2018-04-02 09:28:38,925] DEBUG [PartitionStateMachine controllerId=1] Initializing leader and isr for partition test-0 to (Leader:1,ISR:1,LeaderEpoch:0,ControllerEpoch:2) (kafka.controller.PartitionStateMachine)
[2018-04-02 09:28:39,004] INFO [ReplicaStateMachine controllerId=1] Invoking state change to OnlineReplica for replicas [Topic=test,Partition=0,Replica=1] (kafka.controller.ReplicaStateMachine)
[2018-04-02 09:31:45,105] TRACE [Controller id=1] Checking need to trigger auto leader balancing (kafka.controller.KafkaController)
[2018-04-02 09:31:45,105] DEBUG [Controller id=1] Preferred replicas by broker Map(1 -> Map(test-0 -> Vector(1))) (kafka.controller.KafkaController)
[2018-04-02 09:31:45,107] DEBUG [Controller id=1] Topics not in preferred replica Map() (kafka.controller.KafkaController)
[2018-04-02 09:31:45,108] TRACE [Controller id=1] Leader imbalance ratio for broker 1 is 0.0 (kafka.controller.KafkaController)
