[2018-04-02 09:23:03,882] INFO Reading configuration from: config/zookeeper.properties (org.apache.zookeeper.server.quorum.QuorumPeerConfig)
[2018-04-02 09:23:03,892] INFO autopurge.snapRetainCount set to 3 (org.apache.zookeeper.server.DatadirCleanupManager)
[2018-04-02 09:23:03,892] INFO autopurge.purgeInterval set to 0 (org.apache.zookeeper.server.DatadirCleanupManager)
[2018-04-02 09:23:03,892] INFO Purge task is not scheduled. (org.apache.zookeeper.server.DatadirCleanupManager)
[2018-04-02 09:23:03,892] WARN Either no config or no quorum defined in config, running  in standalone mode (org.apache.zookeeper.server.quorum.QuorumPeerMain)
[2018-04-02 09:23:03,922] INFO Reading configuration from: config/zookeeper.properties (org.apache.zookeeper.server.quorum.QuorumPeerConfig)
[2018-04-02 09:23:03,922] INFO Starting server (org.apache.zookeeper.server.ZooKeeperServerMain)
[2018-04-02 09:23:03,941] INFO Server environment:zookeeper.version=3.4.10-39d3a4f269333c922ed3db283be479f9deacaa0f, built on 03/23/2017 10:13 GMT (org.apache.zookeeper.server.ZooKeeperServer)
[2018-04-02 09:23:03,941] INFO Server environment:host.name=jacky-OptiPlex-7010 (org.apache.zookeeper.server.ZooKeeperServer)
[2018-04-02 09:23:03,941] INFO Server environment:java.version=1.8.0_161 (org.apache.zookeeper.server.ZooKeeperServer)
[2018-04-02 09:23:03,941] INFO Server environment:java.vendor=Oracle Corporation (org.apache.zookeeper.server.ZooKeeperServer)
[2018-04-02 09:23:03,941] INFO Server environment:java.home=/usr/lib/jvm/java-8-oracle/jre (org.apache.zookeeper.server.ZooKeeperServer)
[2018-04-02 09:23:03,941] INFO Server environment:java.class.path=:/home/gfzhujie/zhujie/kafka/kafka_2.11-1.0.0/bin/../libs/aopalliance-repackaged-2.5.0-b32.jar:/home/gfzhujie/zhujie/kafka/kafka_2.11-1.0.0/bin/../libs/argparse4j-0.7.0.jar:/home/gfzhujie/zhujie/kafka/kafka_2.11-1.0.0/bin/../libs/commons-lang3-3.5.jar:/home/gfzhujie/zhujie/kafka/kafka_2.11-1.0.0/bin/../libs/connect-api-1.0.0.jar:/home/gfzhujie/zhujie/kafka/kafka_2.11-1.0.0/bin/../libs/connect-file-1.0.0.jar:/home/gfzhujie/zhujie/kafka/kafka_2.11-1.0.0/bin/../libs/connect-json-1.0.0.jar:/home/gfzhujie/zhujie/kafka/kafka_2.11-1.0.0/bin/../libs/connect-runtime-1.0.0.jar:/home/gfzhujie/zhujie/kafka/kafka_2.11-1.0.0/bin/../libs/connect-transforms-1.0.0.jar:/home/gfzhujie/zhujie/kafka/kafka_2.11-1.0.0/bin/../libs/guava-20.0.jar:/home/gfzhujie/zhujie/kafka/kafka_2.11-1.0.0/bin/../libs/hk2-api-2.5.0-b32.jar:/home/gfzhujie/zhujie/kafka/kafka_2.11-1.0.0/bin/../libs/hk2-locator-2.5.0-b32.jar:/home/gfzhujie/zhujie/kafka/kafka_2.11-1.0.0/bin/../libs/hk2-utils-2.5.0-b32.jar:/home/gfzhujie/zhujie/kafka/kafka_2.11-1.0.0/bin/../libs/jackson-annotations-2.9.1.jar:/home/gfzhujie/zhujie/kafka/kafka_2.11-1.0.0/bin/../libs/jackson-core-2.9.1.jar:/home/gfzhujie/zhujie/kafka/kafka_2.11-1.0.0/bin/../libs/jackson-databind-2.9.1.jar:/home/gfzhujie/zhujie/kafka/kafka_2.11-1.0.0/bin/../libs/jackson-jaxrs-base-2.9.1.jar:/home/gfzhujie/zhujie/kafka/kafka_2.11-1.0.0/bin/../libs/jackson-jaxrs-json-provider-2.9.1.jar:/home/gfzhujie/zhujie/kafka/kafka_2.11-1.0.0/bin/../libs/jackson-module-jaxb-annotations-2.9.1.jar:/home/gfzhujie/zhujie/kafka/kafka_2.11-1.0.0/bin/../libs/javassist-3.20.0-GA.jar:/home/gfzhujie/zhujie/kafka/kafka_2.11-1.0.0/bin/../libs/javassist-3.21.0-GA.jar:/home/gfzhujie/zhujie/kafka/kafka_2.11-1.0.0/bin/../libs/javax.annotation-api-1.2.jar:/home/gfzhujie/zhujie/kafka/kafka_2.11-1.0.0/bin/../libs/javax.inject-1.jar:/home/gfzhujie/zhujie/kafka/kafka_2.11-1.0.0/bin/../libs/javax.inject-2.5.0-b32.jar:/home/gfzhujie/zhujie/kafka/kafka_2.11-1.0.0/bin/../libs/javax.servlet-api-3.1.0.jar:/home/gfzhujie/zhujie/kafka/kafka_2.11-1.0.0/bin/../libs/javax.ws.rs-api-2.0.1.jar:/home/gfzhujie/zhujie/kafka/kafka_2.11-1.0.0/bin/../libs/jersey-client-2.25.1.jar:/home/gfzhujie/zhujie/kafka/kafka_2.11-1.0.0/bin/../libs/jersey-common-2.25.1.jar:/home/gfzhujie/zhujie/kafka/kafka_2.11-1.0.0/bin/../libs/jersey-container-servlet-2.25.1.jar:/home/gfzhujie/zhujie/kafka/kafka_2.11-1.0.0/bin/../libs/jersey-container-servlet-core-2.25.1.jar:/home/gfzhujie/zhujie/kafka/kafka_2.11-1.0.0/bin/../libs/jersey-guava-2.25.1.jar:/home/gfzhujie/zhujie/kafka/kafka_2.11-1.0.0/bin/../libs/jersey-media-jaxb-2.25.1.jar:/home/gfzhujie/zhujie/kafka/kafka_2.11-1.0.0/bin/../libs/jersey-server-2.25.1.jar:/home/gfzhujie/zhujie/kafka/kafka_2.11-1.0.0/bin/../libs/jetty-continuation-9.2.22.v20170606.jar:/home/gfzhujie/zhujie/kafka/kafka_2.11-1.0.0/bin/../libs/jetty-http-9.2.22.v20170606.jar:/home/gfzhujie/zhujie/kafka/kafka_2.11-1.0.0/bin/../libs/jetty-io-9.2.22.v20170606.jar:/home/gfzhujie/zhujie/kafka/kafka_2.11-1.0.0/bin/../libs/jetty-security-9.2.22.v20170606.jar:/home/gfzhujie/zhujie/kafka/kafka_2.11-1.0.0/bin/../libs/jetty-server-9.2.22.v20170606.jar:/home/gfzhujie/zhujie/kafka/kafka_2.11-1.0.0/bin/../libs/jetty-servlet-9.2.22.v20170606.jar:/home/gfzhujie/zhujie/kafka/kafka_2.11-1.0.0/bin/../libs/jetty-servlets-9.2.22.v20170606.jar:/home/gfzhujie/zhujie/kafka/kafka_2.11-1.0.0/bin/../libs/jetty-util-9.2.22.v20170606.jar:/home/gfzhujie/zhujie/kafka/kafka_2.11-1.0.0/bin/../libs/jopt-simple-5.0.4.jar:/home/gfzhujie/zhujie/kafka/kafka_2.11-1.0.0/bin/../libs/kafka_2.11-1.0.0.jar:/home/gfzhujie/zhujie/kafka/kafka_2.11-1.0.0/bin/../libs/kafka_2.11-1.0.0-sources.jar:/home/gfzhujie/zhujie/kafka/kafka_2.11-1.0.0/bin/../libs/kafka_2.11-1.0.0-test-sources.jar:/home/gfzhujie/zhujie/kafka/kafka_2.11-1.0.0/bin/../libs/kafka-clients-1.0.0.jar:/home/gfzhujie/zhujie/kafka/kafka_2.11-1.0.0/bin/../libs/kafka-log4j-appender-1.0.0.jar:/home/gfzhujie/zhujie/kafka/kafka_2.11-1.0.0/bin/../libs/kafka-streams-1.0.0.jar:/home/gfzhujie/zhujie/kafka/kafka_2.11-1.0.0/bin/../libs/kafka-streams-examples-1.0.0.jar:/home/gfzhujie/zhujie/kafka/kafka_2.11-1.0.0/bin/../libs/kafka-tools-1.0.0.jar:/home/gfzhujie/zhujie/kafka/kafka_2.11-1.0.0/bin/../libs/log4j-1.2.17.jar:/home/gfzhujie/zhujie/kafka/kafka_2.11-1.0.0/bin/../libs/lz4-java-1.4.jar:/home/gfzhujie/zhujie/kafka/kafka_2.11-1.0.0/bin/../libs/maven-artifact-3.5.0.jar:/home/gfzhujie/zhujie/kafka/kafka_2.11-1.0.0/bin/../libs/metrics-core-2.2.0.jar:/home/gfzhujie/zhujie/kafka/kafka_2.11-1.0.0/bin/../libs/osgi-resource-locator-1.0.1.jar:/home/gfzhujie/zhujie/kafka/kafka_2.11-1.0.0/bin/../libs/plexus-utils-3.0.24.jar:/home/gfzhujie/zhujie/kafka/kafka_2.11-1.0.0/bin/../libs/reflections-0.9.11.jar:/home/gfzhujie/zhujie/kafka/kafka_2.11-1.0.0/bin/../libs/rocksdbjni-5.7.3.jar:/home/gfzhujie/zhujie/kafka/kafka_2.11-1.0.0/bin/../libs/scala-library-2.11.11.jar:/home/gfzhujie/zhujie/kafka/kafka_2.11-1.0.0/bin/../libs/slf4j-api-1.7.25.jar:/home/gfzhujie/zhujie/kafka/kafka_2.11-1.0.0/bin/../libs/slf4j-log4j12-1.7.25.jar:/home/gfzhujie/zhujie/kafka/kafka_2.11-1.0.0/bin/../libs/snappy-java-1.1.4.jar:/home/gfzhujie/zhujie/kafka/kafka_2.11-1.0.0/bin/../libs/validation-api-1.1.0.Final.jar:/home/gfzhujie/zhujie/kafka/kafka_2.11-1.0.0/bin/../libs/zkclient-0.10.jar:/home/gfzhujie/zhujie/kafka/kafka_2.11-1.0.0/bin/../libs/zookeeper-3.4.10.jar (org.apache.zookeeper.server.ZooKeeperServer)
[2018-04-02 09:23:03,941] INFO Server environment:java.library.path=/usr/java/packages/lib/amd64:/usr/lib64:/lib64:/lib:/usr/lib (org.apache.zookeeper.server.ZooKeeperServer)
[2018-04-02 09:23:03,942] INFO Server environment:java.io.tmpdir=/tmp (org.apache.zookeeper.server.ZooKeeperServer)
[2018-04-02 09:23:03,942] INFO Server environment:java.compiler=<NA> (org.apache.zookeeper.server.ZooKeeperServer)
[2018-04-02 09:23:03,942] INFO Server environment:os.name=Linux (org.apache.zookeeper.server.ZooKeeperServer)
[2018-04-02 09:23:03,942] INFO Server environment:os.arch=amd64 (org.apache.zookeeper.server.ZooKeeperServer)
[2018-04-02 09:23:03,942] INFO Server environment:os.version=4.10.0-37-generic (org.apache.zookeeper.server.ZooKeeperServer)
[2018-04-02 09:23:03,942] INFO Server environment:user.name=root (org.apache.zookeeper.server.ZooKeeperServer)
[2018-04-02 09:23:03,942] INFO Server environment:user.home=/root (org.apache.zookeeper.server.ZooKeeperServer)
[2018-04-02 09:23:03,942] INFO Server environment:user.dir=/home/zhujie/kafka/kafka_2.11-1.0.0 (org.apache.zookeeper.server.ZooKeeperServer)
[2018-04-02 09:23:03,957] INFO tickTime set to 3000 (org.apache.zookeeper.server.ZooKeeperServer)
[2018-04-02 09:23:03,957] INFO minSessionTimeout set to -1 (org.apache.zookeeper.server.ZooKeeperServer)
[2018-04-02 09:23:03,957] INFO maxSessionTimeout set to -1 (org.apache.zookeeper.server.ZooKeeperServer)
[2018-04-02 09:23:04,016] INFO binding to port 0.0.0.0/0.0.0.0:2181 (org.apache.zookeeper.server.NIOServerCnxnFactory)
[2018-04-02 09:23:37,994] INFO KafkaConfig values: 
	advertised.host.name = null
	advertised.listeners = null
	advertised.port = null
	alter.config.policy.class.name = null
	authorizer.class.name = 
	auto.create.topics.enable = true
	auto.leader.rebalance.enable = true
	background.threads = 10
	broker.id = 1
	broker.id.generation.enable = true
	broker.rack = null
	compression.type = producer
	connections.max.idle.ms = 600000
	controlled.shutdown.enable = true
	controlled.shutdown.max.retries = 3
	controlled.shutdown.retry.backoff.ms = 5000
	controller.socket.timeout.ms = 30000
	create.topic.policy.class.name = null
	default.replication.factor = 1
	delete.records.purgatory.purge.interval.requests = 1
	delete.topic.enable = true
	fetch.purgatory.purge.interval.requests = 1000
	group.initial.rebalance.delay.ms = 0
	group.max.session.timeout.ms = 300000
	group.min.session.timeout.ms = 6000
	host.name = 
	inter.broker.listener.name = null
	inter.broker.protocol.version = 1.0-IV0
	leader.imbalance.check.interval.seconds = 300
	leader.imbalance.per.broker.percentage = 10
	listener.security.protocol.map = PLAINTEXT:PLAINTEXT,SSL:SSL,SASL_PLAINTEXT:SASL_PLAINTEXT,SASL_SSL:SASL_SSL
	listeners = null
	log.cleaner.backoff.ms = 15000
	log.cleaner.dedupe.buffer.size = 134217728
	log.cleaner.delete.retention.ms = 86400000
	log.cleaner.enable = true
	log.cleaner.io.buffer.load.factor = 0.9
	log.cleaner.io.buffer.size = 524288
	log.cleaner.io.max.bytes.per.second = 1.7976931348623157E308
	log.cleaner.min.cleanable.ratio = 0.5
	log.cleaner.min.compaction.lag.ms = 0
	log.cleaner.threads = 1
	log.cleanup.policy = [delete]
	log.dir = /tmp/kafka-logs
	log.dirs = /home/gfzhujie/zhujie/kafka/kafka_2.11-1.0.0/data
	log.flush.interval.messages = 9223372036854775807
	log.flush.interval.ms = null
	log.flush.offset.checkpoint.interval.ms = 60000
	log.flush.scheduler.interval.ms = 9223372036854775807
	log.flush.start.offset.checkpoint.interval.ms = 60000
	log.index.interval.bytes = 4096
	log.index.size.max.bytes = 10485760
	log.message.format.version = 1.0-IV0
	log.message.timestamp.difference.max.ms = 9223372036854775807
	log.message.timestamp.type = CreateTime
	log.preallocate = false
	log.retention.bytes = -1
	log.retention.check.interval.ms = 300000
	log.retention.hours = 168
	log.retention.minutes = null
	log.retention.ms = null
	log.roll.hours = 168
	log.roll.jitter.hours = 0
	log.roll.jitter.ms = null
	log.roll.ms = null
	log.segment.bytes = 1073741824
	log.segment.delete.delay.ms = 60000
	max.connections.per.ip = 2147483647
	max.connections.per.ip.overrides = 
	message.max.bytes = 1000012
	metric.reporters = []
	metrics.num.samples = 2
	metrics.recording.level = INFO
	metrics.sample.window.ms = 30000
	min.insync.replicas = 1
	num.io.threads = 8
	num.network.threads = 3
	num.partitions = 1
	num.recovery.threads.per.data.dir = 1
	num.replica.fetchers = 1
	offset.metadata.max.bytes = 4096
	offsets.commit.required.acks = -1
	offsets.commit.timeout.ms = 5000
	offsets.load.buffer.size = 5242880
	offsets.retention.check.interval.ms = 600000
	offsets.retention.minutes = 1440
	offsets.topic.compression.codec = 0
	offsets.topic.num.partitions = 50
	offsets.topic.replication.factor = 1
	offsets.topic.segment.bytes = 104857600
	port = 9092
	principal.builder.class = null
	producer.purgatory.purge.interval.requests = 1000
	queued.max.request.bytes = -1
	queued.max.requests = 500
	quota.consumer.default = 9223372036854775807
	quota.producer.default = 9223372036854775807
	quota.window.num = 11
	quota.window.size.seconds = 1
	replica.fetch.backoff.ms = 1000
	replica.fetch.max.bytes = 1048576
	replica.fetch.min.bytes = 1
	replica.fetch.response.max.bytes = 10485760
	replica.fetch.wait.max.ms = 500
	replica.high.watermark.checkpoint.interval.ms = 5000
	replica.lag.time.max.ms = 10000
	replica.socket.receive.buffer.bytes = 65536
	replica.socket.timeout.ms = 30000
	replication.quota.window.num = 11
	replication.quota.window.size.seconds = 1
	request.timeout.ms = 30000
	reserved.broker.max.id = 1000
	sasl.enabled.mechanisms = [GSSAPI]
	sasl.kerberos.kinit.cmd = /usr/bin/kinit
	sasl.kerberos.min.time.before.relogin = 60000
	sasl.kerberos.principal.to.local.rules = [DEFAULT]
	sasl.kerberos.service.name = null
	sasl.kerberos.ticket.renew.jitter = 0.05
	sasl.kerberos.ticket.renew.window.factor = 0.8
	sasl.mechanism.inter.broker.protocol = GSSAPI
	security.inter.broker.protocol = PLAINTEXT
	socket.receive.buffer.bytes = 102400
	socket.request.max.bytes = 104857600
	socket.send.buffer.bytes = 102400
	ssl.cipher.suites = null
	ssl.client.auth = none
	ssl.enabled.protocols = [TLSv1.2, TLSv1.1, TLSv1]
	ssl.endpoint.identification.algorithm = null
	ssl.key.password = null
	ssl.keymanager.algorithm = SunX509
	ssl.keystore.location = null
	ssl.keystore.password = null
	ssl.keystore.type = JKS
	ssl.protocol = TLS
	ssl.provider = null
	ssl.secure.random.implementation = null
	ssl.trustmanager.algorithm = PKIX
	ssl.truststore.location = null
	ssl.truststore.password = null
	ssl.truststore.type = JKS
	transaction.abort.timed.out.transaction.cleanup.interval.ms = 60000
	transaction.max.timeout.ms = 900000
	transaction.remove.expired.transaction.cleanup.interval.ms = 3600000
	transaction.state.log.load.buffer.size = 5242880
	transaction.state.log.min.isr = 1
	transaction.state.log.num.partitions = 50
	transaction.state.log.replication.factor = 1
	transaction.state.log.segment.bytes = 104857600
	transactional.id.expiration.ms = 604800000
	unclean.leader.election.enable = false
	zookeeper.connect = localhost:2181
	zookeeper.connection.timeout.ms = 6000
	zookeeper.session.timeout.ms = 6000
	zookeeper.set.acl = false
	zookeeper.sync.time.ms = 2000
 (kafka.server.KafkaConfig)
[2018-04-02 09:23:38,042] INFO starting (kafka.server.KafkaServer)
[2018-04-02 09:23:38,044] INFO Connecting to zookeeper on localhost:2181 (kafka.server.KafkaServer)
[2018-04-02 09:23:38,059] INFO Starting ZkClient event thread. (org.I0Itec.zkclient.ZkEventThread)
[2018-04-02 09:23:38,064] INFO Client environment:zookeeper.version=3.4.10-39d3a4f269333c922ed3db283be479f9deacaa0f, built on 03/23/2017 10:13 GMT (org.apache.zookeeper.ZooKeeper)
[2018-04-02 09:23:38,064] INFO Client environment:host.name=jacky-OptiPlex-7010 (org.apache.zookeeper.ZooKeeper)
[2018-04-02 09:23:38,064] INFO Client environment:java.version=1.8.0_161 (org.apache.zookeeper.ZooKeeper)
[2018-04-02 09:23:38,064] INFO Client environment:java.vendor=Oracle Corporation (org.apache.zookeeper.ZooKeeper)
[2018-04-02 09:23:38,064] INFO Client environment:java.home=/usr/lib/jvm/java-8-oracle/jre (org.apache.zookeeper.ZooKeeper)
[2018-04-02 09:23:38,064] INFO Client environment:java.class.path=:/home/gfzhujie/zhujie/kafka/kafka_2.11-1.0.0/bin/../libs/aopalliance-repackaged-2.5.0-b32.jar:/home/gfzhujie/zhujie/kafka/kafka_2.11-1.0.0/bin/../libs/argparse4j-0.7.0.jar:/home/gfzhujie/zhujie/kafka/kafka_2.11-1.0.0/bin/../libs/commons-lang3-3.5.jar:/home/gfzhujie/zhujie/kafka/kafka_2.11-1.0.0/bin/../libs/connect-api-1.0.0.jar:/home/gfzhujie/zhujie/kafka/kafka_2.11-1.0.0/bin/../libs/connect-file-1.0.0.jar:/home/gfzhujie/zhujie/kafka/kafka_2.11-1.0.0/bin/../libs/connect-json-1.0.0.jar:/home/gfzhujie/zhujie/kafka/kafka_2.11-1.0.0/bin/../libs/connect-runtime-1.0.0.jar:/home/gfzhujie/zhujie/kafka/kafka_2.11-1.0.0/bin/../libs/connect-transforms-1.0.0.jar:/home/gfzhujie/zhujie/kafka/kafka_2.11-1.0.0/bin/../libs/guava-20.0.jar:/home/gfzhujie/zhujie/kafka/kafka_2.11-1.0.0/bin/../libs/hk2-api-2.5.0-b32.jar:/home/gfzhujie/zhujie/kafka/kafka_2.11-1.0.0/bin/../libs/hk2-locator-2.5.0-b32.jar:/home/gfzhujie/zhujie/kafka/kafka_2.11-1.0.0/bin/../libs/hk2-utils-2.5.0-b32.jar:/home/gfzhujie/zhujie/kafka/kafka_2.11-1.0.0/bin/../libs/jackson-annotations-2.9.1.jar:/home/gfzhujie/zhujie/kafka/kafka_2.11-1.0.0/bin/../libs/jackson-core-2.9.1.jar:/home/gfzhujie/zhujie/kafka/kafka_2.11-1.0.0/bin/../libs/jackson-databind-2.9.1.jar:/home/gfzhujie/zhujie/kafka/kafka_2.11-1.0.0/bin/../libs/jackson-jaxrs-base-2.9.1.jar:/home/gfzhujie/zhujie/kafka/kafka_2.11-1.0.0/bin/../libs/jackson-jaxrs-json-provider-2.9.1.jar:/home/gfzhujie/zhujie/kafka/kafka_2.11-1.0.0/bin/../libs/jackson-module-jaxb-annotations-2.9.1.jar:/home/gfzhujie/zhujie/kafka/kafka_2.11-1.0.0/bin/../libs/javassist-3.20.0-GA.jar:/home/gfzhujie/zhujie/kafka/kafka_2.11-1.0.0/bin/../libs/javassist-3.21.0-GA.jar:/home/gfzhujie/zhujie/kafka/kafka_2.11-1.0.0/bin/../libs/javax.annotation-api-1.2.jar:/home/gfzhujie/zhujie/kafka/kafka_2.11-1.0.0/bin/../libs/javax.inject-1.jar:/home/gfzhujie/zhujie/kafka/kafka_2.11-1.0.0/bin/../libs/javax.inject-2.5.0-b32.jar:/home/gfzhujie/zhujie/kafka/kafka_2.11-1.0.0/bin/../libs/javax.servlet-api-3.1.0.jar:/home/gfzhujie/zhujie/kafka/kafka_2.11-1.0.0/bin/../libs/javax.ws.rs-api-2.0.1.jar:/home/gfzhujie/zhujie/kafka/kafka_2.11-1.0.0/bin/../libs/jersey-client-2.25.1.jar:/home/gfzhujie/zhujie/kafka/kafka_2.11-1.0.0/bin/../libs/jersey-common-2.25.1.jar:/home/gfzhujie/zhujie/kafka/kafka_2.11-1.0.0/bin/../libs/jersey-container-servlet-2.25.1.jar:/home/gfzhujie/zhujie/kafka/kafka_2.11-1.0.0/bin/../libs/jersey-container-servlet-core-2.25.1.jar:/home/gfzhujie/zhujie/kafka/kafka_2.11-1.0.0/bin/../libs/jersey-guava-2.25.1.jar:/home/gfzhujie/zhujie/kafka/kafka_2.11-1.0.0/bin/../libs/jersey-media-jaxb-2.25.1.jar:/home/gfzhujie/zhujie/kafka/kafka_2.11-1.0.0/bin/../libs/jersey-server-2.25.1.jar:/home/gfzhujie/zhujie/kafka/kafka_2.11-1.0.0/bin/../libs/jetty-continuation-9.2.22.v20170606.jar:/home/gfzhujie/zhujie/kafka/kafka_2.11-1.0.0/bin/../libs/jetty-http-9.2.22.v20170606.jar:/home/gfzhujie/zhujie/kafka/kafka_2.11-1.0.0/bin/../libs/jetty-io-9.2.22.v20170606.jar:/home/gfzhujie/zhujie/kafka/kafka_2.11-1.0.0/bin/../libs/jetty-security-9.2.22.v20170606.jar:/home/gfzhujie/zhujie/kafka/kafka_2.11-1.0.0/bin/../libs/jetty-server-9.2.22.v20170606.jar:/home/gfzhujie/zhujie/kafka/kafka_2.11-1.0.0/bin/../libs/jetty-servlet-9.2.22.v20170606.jar:/home/gfzhujie/zhujie/kafka/kafka_2.11-1.0.0/bin/../libs/jetty-servlets-9.2.22.v20170606.jar:/home/gfzhujie/zhujie/kafka/kafka_2.11-1.0.0/bin/../libs/jetty-util-9.2.22.v20170606.jar:/home/gfzhujie/zhujie/kafka/kafka_2.11-1.0.0/bin/../libs/jopt-simple-5.0.4.jar:/home/gfzhujie/zhujie/kafka/kafka_2.11-1.0.0/bin/../libs/kafka_2.11-1.0.0.jar:/home/gfzhujie/zhujie/kafka/kafka_2.11-1.0.0/bin/../libs/kafka_2.11-1.0.0-sources.jar:/home/gfzhujie/zhujie/kafka/kafka_2.11-1.0.0/bin/../libs/kafka_2.11-1.0.0-test-sources.jar:/home/gfzhujie/zhujie/kafka/kafka_2.11-1.0.0/bin/../libs/kafka-clients-1.0.0.jar:/home/gfzhujie/zhujie/kafka/kafka_2.11-1.0.0/bin/../libs/kafka-log4j-appender-1.0.0.jar:/home/gfzhujie/zhujie/kafka/kafka_2.11-1.0.0/bin/../libs/kafka-streams-1.0.0.jar:/home/gfzhujie/zhujie/kafka/kafka_2.11-1.0.0/bin/../libs/kafka-streams-examples-1.0.0.jar:/home/gfzhujie/zhujie/kafka/kafka_2.11-1.0.0/bin/../libs/kafka-tools-1.0.0.jar:/home/gfzhujie/zhujie/kafka/kafka_2.11-1.0.0/bin/../libs/log4j-1.2.17.jar:/home/gfzhujie/zhujie/kafka/kafka_2.11-1.0.0/bin/../libs/lz4-java-1.4.jar:/home/gfzhujie/zhujie/kafka/kafka_2.11-1.0.0/bin/../libs/maven-artifact-3.5.0.jar:/home/gfzhujie/zhujie/kafka/kafka_2.11-1.0.0/bin/../libs/metrics-core-2.2.0.jar:/home/gfzhujie/zhujie/kafka/kafka_2.11-1.0.0/bin/../libs/osgi-resource-locator-1.0.1.jar:/home/gfzhujie/zhujie/kafka/kafka_2.11-1.0.0/bin/../libs/plexus-utils-3.0.24.jar:/home/gfzhujie/zhujie/kafka/kafka_2.11-1.0.0/bin/../libs/reflections-0.9.11.jar:/home/gfzhujie/zhujie/kafka/kafka_2.11-1.0.0/bin/../libs/rocksdbjni-5.7.3.jar:/home/gfzhujie/zhujie/kafka/kafka_2.11-1.0.0/bin/../libs/scala-library-2.11.11.jar:/home/gfzhujie/zhujie/kafka/kafka_2.11-1.0.0/bin/../libs/slf4j-api-1.7.25.jar:/home/gfzhujie/zhujie/kafka/kafka_2.11-1.0.0/bin/../libs/slf4j-log4j12-1.7.25.jar:/home/gfzhujie/zhujie/kafka/kafka_2.11-1.0.0/bin/../libs/snappy-java-1.1.4.jar:/home/gfzhujie/zhujie/kafka/kafka_2.11-1.0.0/bin/../libs/validation-api-1.1.0.Final.jar:/home/gfzhujie/zhujie/kafka/kafka_2.11-1.0.0/bin/../libs/zkclient-0.10.jar:/home/gfzhujie/zhujie/kafka/kafka_2.11-1.0.0/bin/../libs/zookeeper-3.4.10.jar (org.apache.zookeeper.ZooKeeper)
[2018-04-02 09:23:38,064] INFO Client environment:java.library.path=/usr/java/packages/lib/amd64:/usr/lib64:/lib64:/lib:/usr/lib (org.apache.zookeeper.ZooKeeper)
[2018-04-02 09:23:38,064] INFO Client environment:java.io.tmpdir=/tmp (org.apache.zookeeper.ZooKeeper)
[2018-04-02 09:23:38,064] INFO Client environment:java.compiler=<NA> (org.apache.zookeeper.ZooKeeper)
[2018-04-02 09:23:38,064] INFO Client environment:os.name=Linux (org.apache.zookeeper.ZooKeeper)
[2018-04-02 09:23:38,065] INFO Client environment:os.arch=amd64 (org.apache.zookeeper.ZooKeeper)
[2018-04-02 09:23:38,065] INFO Client environment:os.version=4.10.0-37-generic (org.apache.zookeeper.ZooKeeper)
[2018-04-02 09:23:38,065] INFO Client environment:user.name=root (org.apache.zookeeper.ZooKeeper)
[2018-04-02 09:23:38,065] INFO Client environment:user.home=/root (org.apache.zookeeper.ZooKeeper)
[2018-04-02 09:23:38,065] INFO Client environment:user.dir=/home/zhujie/kafka/kafka_2.11-1.0.0 (org.apache.zookeeper.ZooKeeper)
[2018-04-02 09:23:38,066] INFO Initiating client connection, connectString=localhost:2181 sessionTimeout=6000 watcher=org.I0Itec.zkclient.ZkClient@515aebb0 (org.apache.zookeeper.ZooKeeper)
[2018-04-02 09:23:38,076] INFO Waiting for keeper state SyncConnected (org.I0Itec.zkclient.ZkClient)
[2018-04-02 09:23:38,078] INFO Opening socket connection to server localhost/127.0.0.1:2181. Will not attempt to authenticate using SASL (unknown error) (org.apache.zookeeper.ClientCnxn)
[2018-04-02 09:23:38,098] INFO Socket connection established to localhost/127.0.0.1:2181, initiating session (org.apache.zookeeper.ClientCnxn)
[2018-04-02 09:23:38,098] INFO Accepted socket connection from /127.0.0.1:57096 (org.apache.zookeeper.server.NIOServerCnxnFactory)
[2018-04-02 09:23:38,109] INFO Client attempting to establish new session at /127.0.0.1:57096 (org.apache.zookeeper.server.ZooKeeperServer)
[2018-04-02 09:23:38,111] INFO Creating new log file: log.1 (org.apache.zookeeper.server.persistence.FileTxnLog)
[2018-04-02 09:23:38,205] INFO Established session 0x16283f350ea0000 with negotiated timeout 6000 for client /127.0.0.1:57096 (org.apache.zookeeper.server.ZooKeeperServer)
[2018-04-02 09:23:38,208] INFO Session establishment complete on server localhost/127.0.0.1:2181, sessionid = 0x16283f350ea0000, negotiated timeout = 6000 (org.apache.zookeeper.ClientCnxn)
[2018-04-02 09:23:38,210] INFO zookeeper state changed (SyncConnected) (org.I0Itec.zkclient.ZkClient)
[2018-04-02 09:23:38,315] INFO Got user-level KeeperException when processing sessionid:0x16283f350ea0000 type:create cxid:0x5 zxid:0x3 txntype:-1 reqpath:n/a Error Path:/brokers Error:KeeperErrorCode = NoNode for /brokers (org.apache.zookeeper.server.PrepRequestProcessor)
[2018-04-02 09:23:38,373] INFO Got user-level KeeperException when processing sessionid:0x16283f350ea0000 type:create cxid:0xb zxid:0x7 txntype:-1 reqpath:n/a Error Path:/config Error:KeeperErrorCode = NoNode for /config (org.apache.zookeeper.server.PrepRequestProcessor)
[2018-04-02 09:23:38,434] INFO Got user-level KeeperException when processing sessionid:0x16283f350ea0000 type:create cxid:0x13 zxid:0xc txntype:-1 reqpath:n/a Error Path:/admin Error:KeeperErrorCode = NoNode for /admin (org.apache.zookeeper.server.PrepRequestProcessor)
[2018-04-02 09:23:38,757] INFO Got user-level KeeperException when processing sessionid:0x16283f350ea0000 type:create cxid:0x1f zxid:0x13 txntype:-1 reqpath:n/a Error Path:/cluster Error:KeeperErrorCode = NoNode for /cluster (org.apache.zookeeper.server.PrepRequestProcessor)
[2018-04-02 09:23:38,808] INFO Cluster ID = EO-vI62wSh-UnGeDb8ulCw (kafka.server.KafkaServer)
[2018-04-02 09:23:38,844] WARN No meta.properties file under dir /home/gfzhujie/zhujie/kafka/kafka_2.11-1.0.0/data/meta.properties (kafka.server.BrokerMetadataCheckpoint)
[2018-04-02 09:23:38,883] INFO [ThrottledRequestReaper-Fetch]: Starting (kafka.server.ClientQuotaManager$ThrottledRequestReaper)
[2018-04-02 09:23:38,883] INFO [ThrottledRequestReaper-Produce]: Starting (kafka.server.ClientQuotaManager$ThrottledRequestReaper)
[2018-04-02 09:23:38,885] INFO [ThrottledRequestReaper-Request]: Starting (kafka.server.ClientQuotaManager$ThrottledRequestReaper)
[2018-04-02 09:23:38,938] INFO Loading logs. (kafka.log.LogManager)
[2018-04-02 09:23:38,979] INFO Loading producer state from offset 0 for partition logs-1 with message format version 2 (kafka.log.Log)
[2018-04-02 09:23:38,992] INFO Completed load of log logs-1 with 1 log segments, log start offset 0 and log end offset 0 in 32 ms (kafka.log.Log)
[2018-04-02 09:23:39,000] INFO Logs loading complete in 62 ms. (kafka.log.LogManager)
[2018-04-02 09:23:39,058] INFO Starting log cleanup with a period of 300000 ms. (kafka.log.LogManager)
[2018-04-02 09:23:39,059] INFO Starting log flusher with a default period of 9223372036854775807 ms. (kafka.log.LogManager)
[2018-04-02 09:23:39,298] INFO Awaiting socket connections on 0.0.0.0:9092. (kafka.network.Acceptor)
[2018-04-02 09:23:39,301] INFO [SocketServer brokerId=1] Started 1 acceptor threads (kafka.network.SocketServer)
[2018-04-02 09:23:39,321] INFO [ExpirationReaper-1-Produce]: Starting (kafka.server.DelayedOperationPurgatory$ExpiredOperationReaper)
[2018-04-02 09:23:39,322] INFO [ExpirationReaper-1-Fetch]: Starting (kafka.server.DelayedOperationPurgatory$ExpiredOperationReaper)
[2018-04-02 09:23:39,323] INFO [ExpirationReaper-1-DeleteRecords]: Starting (kafka.server.DelayedOperationPurgatory$ExpiredOperationReaper)
[2018-04-02 09:23:39,333] INFO [LogDirFailureHandler]: Starting (kafka.server.ReplicaManager$LogDirFailureHandler)
[2018-04-02 09:23:39,361] INFO [ExpirationReaper-1-topic]: Starting (kafka.server.DelayedOperationPurgatory$ExpiredOperationReaper)
[2018-04-02 09:23:39,364] INFO [ExpirationReaper-1-Heartbeat]: Starting (kafka.server.DelayedOperationPurgatory$ExpiredOperationReaper)
[2018-04-02 09:23:39,366] INFO [ExpirationReaper-1-Rebalance]: Starting (kafka.server.DelayedOperationPurgatory$ExpiredOperationReaper)
[2018-04-02 09:23:39,368] INFO Creating /controller (is it secure? false) (kafka.utils.ZKCheckedEphemeral)
[2018-04-02 09:23:39,390] INFO Result of znode creation is: OK (kafka.utils.ZKCheckedEphemeral)
[2018-04-02 09:23:39,394] INFO [GroupCoordinator 1]: Starting up. (kafka.coordinator.group.GroupCoordinator)
[2018-04-02 09:23:39,395] INFO Got user-level KeeperException when processing sessionid:0x16283f350ea0000 type:setData cxid:0x2a zxid:0x17 txntype:-1 reqpath:n/a Error Path:/controller_epoch Error:KeeperErrorCode = NoNode for /controller_epoch (org.apache.zookeeper.server.PrepRequestProcessor)
[2018-04-02 09:23:39,396] INFO [GroupCoordinator 1]: Startup complete. (kafka.coordinator.group.GroupCoordinator)
[2018-04-02 09:23:39,399] INFO [GroupMetadataManager brokerId=1] Removed 0 expired offsets in 1 milliseconds. (kafka.coordinator.group.GroupMetadataManager)
[2018-04-02 09:23:39,483] INFO [ProducerId Manager 1]: Acquired new producerId block (brokerId:1,blockStartProducerId:0,blockEndProducerId:999) by writing to Zk with path version 1 (kafka.coordinator.transaction.ProducerIdManager)
[2018-04-02 09:23:39,514] INFO [TransactionCoordinator id=1] Starting up. (kafka.coordinator.transaction.TransactionCoordinator)
[2018-04-02 09:23:39,516] INFO [Transaction Marker Channel Manager 1]: Starting (kafka.coordinator.transaction.TransactionMarkerChannelManager)
[2018-04-02 09:23:39,516] INFO [TransactionCoordinator id=1] Startup complete. (kafka.coordinator.transaction.TransactionCoordinator)
[2018-04-02 09:23:39,581] INFO Got user-level KeeperException when processing sessionid:0x16283f350ea0000 type:delete cxid:0x4a zxid:0x1a txntype:-1 reqpath:n/a Error Path:/admin/preferred_replica_election Error:KeeperErrorCode = NoNode for /admin/preferred_replica_election (org.apache.zookeeper.server.PrepRequestProcessor)
[2018-04-02 09:23:39,587] INFO Creating /brokers/ids/1 (is it secure? false) (kafka.utils.ZKCheckedEphemeral)
[2018-04-02 09:23:39,588] INFO Got user-level KeeperException when processing sessionid:0x16283f350ea0000 type:create cxid:0x4b zxid:0x1b txntype:-1 reqpath:n/a Error Path:/brokers Error:KeeperErrorCode = NodeExists for /brokers (org.apache.zookeeper.server.PrepRequestProcessor)
[2018-04-02 09:23:39,589] INFO Got user-level KeeperException when processing sessionid:0x16283f350ea0000 type:create cxid:0x4c zxid:0x1c txntype:-1 reqpath:n/a Error Path:/brokers/ids Error:KeeperErrorCode = NodeExists for /brokers/ids (org.apache.zookeeper.server.PrepRequestProcessor)
[2018-04-02 09:23:39,639] INFO Result of znode creation is: OK (kafka.utils.ZKCheckedEphemeral)
[2018-04-02 09:23:39,641] INFO Registered broker 1 at path /brokers/ids/1 with addresses: EndPoint(jacky-OptiPlex-7010,9092,ListenerName(PLAINTEXT),PLAINTEXT) (kafka.utils.ZkUtils)
[2018-04-02 09:23:39,643] WARN No meta.properties file under dir /home/gfzhujie/zhujie/kafka/kafka_2.11-1.0.0/data/meta.properties (kafka.server.BrokerMetadataCheckpoint)
[2018-04-02 09:23:39,749] INFO Kafka version : 1.0.0 (org.apache.kafka.common.utils.AppInfoParser)
[2018-04-02 09:23:39,749] INFO Kafka commitId : aaa7af6d4a11b29d (org.apache.kafka.common.utils.AppInfoParser)
[2018-04-02 09:23:39,750] INFO [KafkaServer id=1] started (kafka.server.KafkaServer)
[2018-04-02 09:23:48,976] INFO Terminating process due to signal SIGINT (kafka.Kafka$)
[2018-04-02 09:23:49,009] INFO [KafkaServer id=1] shutting down (kafka.server.KafkaServer)
[2018-04-02 09:23:49,010] INFO [KafkaServer id=1] Starting controlled shutdown (kafka.server.KafkaServer)
[2018-04-02 09:23:49,041] INFO [KafkaServer id=1] Controlled shutdown succeeded (kafka.server.KafkaServer)
[2018-04-02 09:23:49,049] INFO [SocketServer brokerId=1] Shutting down (kafka.network.SocketServer)
[2018-04-02 09:23:49,067] INFO [SocketServer brokerId=1] Shutdown completed (kafka.network.SocketServer)
[2018-04-02 09:23:49,069] INFO [Kafka Request Handler on Broker 1], shutting down (kafka.server.KafkaRequestHandlerPool)
[2018-04-02 09:23:49,122] INFO [Kafka Request Handler on Broker 1], shut down completely (kafka.server.KafkaRequestHandlerPool)
[2018-04-02 09:23:49,125] INFO [ThrottledRequestReaper-Fetch]: Shutting down (kafka.server.ClientQuotaManager$ThrottledRequestReaper)
[2018-04-02 09:23:49,885] INFO [ThrottledRequestReaper-Fetch]: Stopped (kafka.server.ClientQuotaManager$ThrottledRequestReaper)
[2018-04-02 09:23:49,885] INFO [ThrottledRequestReaper-Fetch]: Shutdown completed (kafka.server.ClientQuotaManager$ThrottledRequestReaper)
[2018-04-02 09:23:49,885] INFO [ThrottledRequestReaper-Produce]: Shutting down (kafka.server.ClientQuotaManager$ThrottledRequestReaper)
[2018-04-02 09:23:50,884] INFO [ThrottledRequestReaper-Produce]: Stopped (kafka.server.ClientQuotaManager$ThrottledRequestReaper)
[2018-04-02 09:23:50,884] INFO [ThrottledRequestReaper-Produce]: Shutdown completed (kafka.server.ClientQuotaManager$ThrottledRequestReaper)
[2018-04-02 09:23:50,885] INFO [ThrottledRequestReaper-Request]: Shutting down (kafka.server.ClientQuotaManager$ThrottledRequestReaper)
[2018-04-02 09:23:50,887] INFO [ThrottledRequestReaper-Request]: Stopped (kafka.server.ClientQuotaManager$ThrottledRequestReaper)
[2018-04-02 09:23:50,887] INFO [ThrottledRequestReaper-Request]: Shutdown completed (kafka.server.ClientQuotaManager$ThrottledRequestReaper)
[2018-04-02 09:23:50,887] INFO [KafkaApi-1] Shutdown complete. (kafka.server.KafkaApis)
[2018-04-02 09:23:50,889] INFO [ExpirationReaper-1-topic]: Shutting down (kafka.server.DelayedOperationPurgatory$ExpiredOperationReaper)
[2018-04-02 09:23:50,968] INFO [ExpirationReaper-1-topic]: Stopped (kafka.server.DelayedOperationPurgatory$ExpiredOperationReaper)
[2018-04-02 09:23:50,968] INFO [ExpirationReaper-1-topic]: Shutdown completed (kafka.server.DelayedOperationPurgatory$ExpiredOperationReaper)
[2018-04-02 09:23:50,971] INFO [TransactionCoordinator id=1] Shutting down. (kafka.coordinator.transaction.TransactionCoordinator)
[2018-04-02 09:23:50,972] INFO [ProducerId Manager 1]: Shutdown complete: last producerId assigned 0 (kafka.coordinator.transaction.ProducerIdManager)
[2018-04-02 09:23:50,972] INFO [Transaction State Manager 1]: Shutdown complete (kafka.coordinator.transaction.TransactionStateManager)
[2018-04-02 09:23:50,972] INFO [Transaction Marker Channel Manager 1]: Shutting down (kafka.coordinator.transaction.TransactionMarkerChannelManager)
[2018-04-02 09:23:50,973] INFO [Transaction Marker Channel Manager 1]: Stopped (kafka.coordinator.transaction.TransactionMarkerChannelManager)
[2018-04-02 09:23:50,973] INFO [Transaction Marker Channel Manager 1]: Shutdown completed (kafka.coordinator.transaction.TransactionMarkerChannelManager)
[2018-04-02 09:23:50,974] INFO [TransactionCoordinator id=1] Shutdown complete. (kafka.coordinator.transaction.TransactionCoordinator)
[2018-04-02 09:23:50,975] INFO [GroupCoordinator 1]: Shutting down. (kafka.coordinator.group.GroupCoordinator)
[2018-04-02 09:23:50,975] INFO [ExpirationReaper-1-Heartbeat]: Shutting down (kafka.server.DelayedOperationPurgatory$ExpiredOperationReaper)
[2018-04-02 09:23:51,170] INFO [ExpirationReaper-1-Heartbeat]: Stopped (kafka.server.DelayedOperationPurgatory$ExpiredOperationReaper)
[2018-04-02 09:23:51,170] INFO [ExpirationReaper-1-Heartbeat]: Shutdown completed (kafka.server.DelayedOperationPurgatory$ExpiredOperationReaper)
[2018-04-02 09:23:51,171] INFO [ExpirationReaper-1-Rebalance]: Shutting down (kafka.server.DelayedOperationPurgatory$ExpiredOperationReaper)
[2018-04-02 09:23:51,173] INFO [ExpirationReaper-1-Rebalance]: Stopped (kafka.server.DelayedOperationPurgatory$ExpiredOperationReaper)
[2018-04-02 09:23:51,173] INFO [ExpirationReaper-1-Rebalance]: Shutdown completed (kafka.server.DelayedOperationPurgatory$ExpiredOperationReaper)
[2018-04-02 09:23:51,174] INFO [GroupCoordinator 1]: Shutdown complete. (kafka.coordinator.group.GroupCoordinator)
[2018-04-02 09:23:51,175] INFO [ReplicaManager broker=1] Shutting down (kafka.server.ReplicaManager)
[2018-04-02 09:23:51,175] INFO [LogDirFailureHandler]: Shutting down (kafka.server.ReplicaManager$LogDirFailureHandler)
[2018-04-02 09:23:51,175] INFO [LogDirFailureHandler]: Stopped (kafka.server.ReplicaManager$LogDirFailureHandler)
[2018-04-02 09:23:51,175] INFO [LogDirFailureHandler]: Shutdown completed (kafka.server.ReplicaManager$LogDirFailureHandler)
[2018-04-02 09:23:51,176] INFO [ReplicaFetcherManager on broker 1] shutting down (kafka.server.ReplicaFetcherManager)
[2018-04-02 09:23:51,179] INFO [ReplicaFetcherManager on broker 1] shutdown completed (kafka.server.ReplicaFetcherManager)
[2018-04-02 09:23:51,179] INFO [ExpirationReaper-1-Fetch]: Shutting down (kafka.server.DelayedOperationPurgatory$ExpiredOperationReaper)
[2018-04-02 09:23:51,328] INFO [ExpirationReaper-1-Fetch]: Stopped (kafka.server.DelayedOperationPurgatory$ExpiredOperationReaper)
[2018-04-02 09:23:51,328] INFO [ExpirationReaper-1-Fetch]: Shutdown completed (kafka.server.DelayedOperationPurgatory$ExpiredOperationReaper)
[2018-04-02 09:23:51,329] INFO [ExpirationReaper-1-Produce]: Shutting down (kafka.server.DelayedOperationPurgatory$ExpiredOperationReaper)
[2018-04-02 09:23:51,528] INFO [ExpirationReaper-1-Produce]: Stopped (kafka.server.DelayedOperationPurgatory$ExpiredOperationReaper)
[2018-04-02 09:23:51,528] INFO [ExpirationReaper-1-Produce]: Shutdown completed (kafka.server.DelayedOperationPurgatory$ExpiredOperationReaper)
[2018-04-02 09:23:51,529] INFO [ExpirationReaper-1-DeleteRecords]: Shutting down (kafka.server.DelayedOperationPurgatory$ExpiredOperationReaper)
[2018-04-02 09:23:51,530] INFO [ExpirationReaper-1-DeleteRecords]: Stopped (kafka.server.DelayedOperationPurgatory$ExpiredOperationReaper)
[2018-04-02 09:23:51,530] INFO [ExpirationReaper-1-DeleteRecords]: Shutdown completed (kafka.server.DelayedOperationPurgatory$ExpiredOperationReaper)
[2018-04-02 09:23:51,534] INFO [ReplicaManager broker=1] Shut down completely (kafka.server.ReplicaManager)
[2018-04-02 09:23:51,535] INFO Shutting down. (kafka.log.LogManager)
[2018-04-02 09:23:51,645] INFO Shutdown complete. (kafka.log.LogManager)
[2018-04-02 09:23:51,653] INFO Terminate ZkClient event thread. (org.I0Itec.zkclient.ZkEventThread)
[2018-04-02 09:23:51,654] INFO Processed session termination for sessionid: 0x16283f350ea0000 (org.apache.zookeeper.server.PrepRequestProcessor)
[2018-04-02 09:23:51,664] INFO Session: 0x16283f350ea0000 closed (org.apache.zookeeper.ZooKeeper)
[2018-04-02 09:23:51,667] INFO Closed socket connection for client /127.0.0.1:57096 which had sessionid 0x16283f350ea0000 (org.apache.zookeeper.server.NIOServerCnxn)
[2018-04-02 09:23:51,682] INFO EventThread shut down for session: 0x16283f350ea0000 (org.apache.zookeeper.ClientCnxn)
[2018-04-02 09:23:51,695] INFO [KafkaServer id=1] shut down completed (kafka.server.KafkaServer)
[2018-04-02 09:26:39,151] INFO KafkaConfig values: 
	advertised.host.name = null
	advertised.listeners = null
	advertised.port = null
	alter.config.policy.class.name = null
	authorizer.class.name = 
	auto.create.topics.enable = true
	auto.leader.rebalance.enable = true
	background.threads = 10
	broker.id = 1
	broker.id.generation.enable = true
	broker.rack = null
	compression.type = producer
	connections.max.idle.ms = 600000
	controlled.shutdown.enable = true
	controlled.shutdown.max.retries = 3
	controlled.shutdown.retry.backoff.ms = 5000
	controller.socket.timeout.ms = 30000
	create.topic.policy.class.name = null
	default.replication.factor = 1
	delete.records.purgatory.purge.interval.requests = 1
	delete.topic.enable = true
	fetch.purgatory.purge.interval.requests = 1000
	group.initial.rebalance.delay.ms = 0
	group.max.session.timeout.ms = 300000
	group.min.session.timeout.ms = 6000
	host.name = 
	inter.broker.listener.name = null
	inter.broker.protocol.version = 1.0-IV0
	leader.imbalance.check.interval.seconds = 300
	leader.imbalance.per.broker.percentage = 10
	listener.security.protocol.map = PLAINTEXT:PLAINTEXT,SSL:SSL,SASL_PLAINTEXT:SASL_PLAINTEXT,SASL_SSL:SASL_SSL
	listeners = null
	log.cleaner.backoff.ms = 15000
	log.cleaner.dedupe.buffer.size = 134217728
	log.cleaner.delete.retention.ms = 86400000
	log.cleaner.enable = true
	log.cleaner.io.buffer.load.factor = 0.9
	log.cleaner.io.buffer.size = 524288
	log.cleaner.io.max.bytes.per.second = 1.7976931348623157E308
	log.cleaner.min.cleanable.ratio = 0.5
	log.cleaner.min.compaction.lag.ms = 0
	log.cleaner.threads = 1
	log.cleanup.policy = [delete]
	log.dir = /tmp/kafka-logs
	log.dirs = /home/gfzhujie/zhujie/kafka/kafka_2.11-1.0.0/data
	log.flush.interval.messages = 9223372036854775807
	log.flush.interval.ms = null
	log.flush.offset.checkpoint.interval.ms = 60000
	log.flush.scheduler.interval.ms = 9223372036854775807
	log.flush.start.offset.checkpoint.interval.ms = 60000
	log.index.interval.bytes = 4096
	log.index.size.max.bytes = 10485760
	log.message.format.version = 1.0-IV0
	log.message.timestamp.difference.max.ms = 9223372036854775807
	log.message.timestamp.type = CreateTime
	log.preallocate = false
	log.retention.bytes = -1
	log.retention.check.interval.ms = 300000
	log.retention.hours = 168
	log.retention.minutes = null
	log.retention.ms = null
	log.roll.hours = 168
	log.roll.jitter.hours = 0
	log.roll.jitter.ms = null
	log.roll.ms = null
	log.segment.bytes = 1073741824
	log.segment.delete.delay.ms = 60000
	max.connections.per.ip = 2147483647
	max.connections.per.ip.overrides = 
	message.max.bytes = 1000012
	metric.reporters = []
	metrics.num.samples = 2
	metrics.recording.level = INFO
	metrics.sample.window.ms = 30000
	min.insync.replicas = 1
	num.io.threads = 8
	num.network.threads = 3
	num.partitions = 1
	num.recovery.threads.per.data.dir = 1
	num.replica.fetchers = 1
	offset.metadata.max.bytes = 4096
	offsets.commit.required.acks = -1
	offsets.commit.timeout.ms = 5000
	offsets.load.buffer.size = 5242880
	offsets.retention.check.interval.ms = 600000
	offsets.retention.minutes = 1440
	offsets.topic.compression.codec = 0
	offsets.topic.num.partitions = 50
	offsets.topic.replication.factor = 1
	offsets.topic.segment.bytes = 104857600
	port = 9092
	principal.builder.class = null
	producer.purgatory.purge.interval.requests = 1000
	queued.max.request.bytes = -1
	queued.max.requests = 500
	quota.consumer.default = 9223372036854775807
	quota.producer.default = 9223372036854775807
	quota.window.num = 11
	quota.window.size.seconds = 1
	replica.fetch.backoff.ms = 1000
	replica.fetch.max.bytes = 1048576
	replica.fetch.min.bytes = 1
	replica.fetch.response.max.bytes = 10485760
	replica.fetch.wait.max.ms = 500
	replica.high.watermark.checkpoint.interval.ms = 5000
	replica.lag.time.max.ms = 10000
	replica.socket.receive.buffer.bytes = 65536
	replica.socket.timeout.ms = 30000
	replication.quota.window.num = 11
	replication.quota.window.size.seconds = 1
	request.timeout.ms = 30000
	reserved.broker.max.id = 1000
	sasl.enabled.mechanisms = [GSSAPI]
	sasl.kerberos.kinit.cmd = /usr/bin/kinit
	sasl.kerberos.min.time.before.relogin = 60000
	sasl.kerberos.principal.to.local.rules = [DEFAULT]
	sasl.kerberos.service.name = null
	sasl.kerberos.ticket.renew.jitter = 0.05
	sasl.kerberos.ticket.renew.window.factor = 0.8
	sasl.mechanism.inter.broker.protocol = GSSAPI
	security.inter.broker.protocol = PLAINTEXT
	socket.receive.buffer.bytes = 102400
	socket.request.max.bytes = 104857600
	socket.send.buffer.bytes = 102400
	ssl.cipher.suites = null
	ssl.client.auth = none
	ssl.enabled.protocols = [TLSv1.2, TLSv1.1, TLSv1]
	ssl.endpoint.identification.algorithm = null
	ssl.key.password = null
	ssl.keymanager.algorithm = SunX509
	ssl.keystore.location = null
	ssl.keystore.password = null
	ssl.keystore.type = JKS
	ssl.protocol = TLS
	ssl.provider = null
	ssl.secure.random.implementation = null
	ssl.trustmanager.algorithm = PKIX
	ssl.truststore.location = null
	ssl.truststore.password = null
	ssl.truststore.type = JKS
	transaction.abort.timed.out.transaction.cleanup.interval.ms = 60000
	transaction.max.timeout.ms = 900000
	transaction.remove.expired.transaction.cleanup.interval.ms = 3600000
	transaction.state.log.load.buffer.size = 5242880
	transaction.state.log.min.isr = 1
	transaction.state.log.num.partitions = 50
	transaction.state.log.replication.factor = 1
	transaction.state.log.segment.bytes = 104857600
	transactional.id.expiration.ms = 604800000
	unclean.leader.election.enable = false
	zookeeper.connect = localhost:2181
	zookeeper.connection.timeout.ms = 6000
	zookeeper.session.timeout.ms = 6000
	zookeeper.set.acl = false
	zookeeper.sync.time.ms = 2000
 (kafka.server.KafkaConfig)
[2018-04-02 09:26:39,198] INFO starting (kafka.server.KafkaServer)
[2018-04-02 09:26:39,199] INFO Connecting to zookeeper on localhost:2181 (kafka.server.KafkaServer)
[2018-04-02 09:26:39,213] INFO Starting ZkClient event thread. (org.I0Itec.zkclient.ZkEventThread)
[2018-04-02 09:26:39,217] INFO Client environment:zookeeper.version=3.4.10-39d3a4f269333c922ed3db283be479f9deacaa0f, built on 03/23/2017 10:13 GMT (org.apache.zookeeper.ZooKeeper)
[2018-04-02 09:26:39,217] INFO Client environment:host.name=jacky-OptiPlex-7010 (org.apache.zookeeper.ZooKeeper)
[2018-04-02 09:26:39,217] INFO Client environment:java.version=1.8.0_161 (org.apache.zookeeper.ZooKeeper)
[2018-04-02 09:26:39,217] INFO Client environment:java.vendor=Oracle Corporation (org.apache.zookeeper.ZooKeeper)
[2018-04-02 09:26:39,217] INFO Client environment:java.home=/usr/lib/jvm/java-8-oracle/jre (org.apache.zookeeper.ZooKeeper)
[2018-04-02 09:26:39,218] INFO Client environment:java.class.path=:/home/gfzhujie/zhujie/kafka/kafka_2.11-1.0.0/bin/../libs/aopalliance-repackaged-2.5.0-b32.jar:/home/gfzhujie/zhujie/kafka/kafka_2.11-1.0.0/bin/../libs/argparse4j-0.7.0.jar:/home/gfzhujie/zhujie/kafka/kafka_2.11-1.0.0/bin/../libs/commons-lang3-3.5.jar:/home/gfzhujie/zhujie/kafka/kafka_2.11-1.0.0/bin/../libs/connect-api-1.0.0.jar:/home/gfzhujie/zhujie/kafka/kafka_2.11-1.0.0/bin/../libs/connect-file-1.0.0.jar:/home/gfzhujie/zhujie/kafka/kafka_2.11-1.0.0/bin/../libs/connect-json-1.0.0.jar:/home/gfzhujie/zhujie/kafka/kafka_2.11-1.0.0/bin/../libs/connect-runtime-1.0.0.jar:/home/gfzhujie/zhujie/kafka/kafka_2.11-1.0.0/bin/../libs/connect-transforms-1.0.0.jar:/home/gfzhujie/zhujie/kafka/kafka_2.11-1.0.0/bin/../libs/guava-20.0.jar:/home/gfzhujie/zhujie/kafka/kafka_2.11-1.0.0/bin/../libs/hk2-api-2.5.0-b32.jar:/home/gfzhujie/zhujie/kafka/kafka_2.11-1.0.0/bin/../libs/hk2-locator-2.5.0-b32.jar:/home/gfzhujie/zhujie/kafka/kafka_2.11-1.0.0/bin/../libs/hk2-utils-2.5.0-b32.jar:/home/gfzhujie/zhujie/kafka/kafka_2.11-1.0.0/bin/../libs/jackson-annotations-2.9.1.jar:/home/gfzhujie/zhujie/kafka/kafka_2.11-1.0.0/bin/../libs/jackson-core-2.9.1.jar:/home/gfzhujie/zhujie/kafka/kafka_2.11-1.0.0/bin/../libs/jackson-databind-2.9.1.jar:/home/gfzhujie/zhujie/kafka/kafka_2.11-1.0.0/bin/../libs/jackson-jaxrs-base-2.9.1.jar:/home/gfzhujie/zhujie/kafka/kafka_2.11-1.0.0/bin/../libs/jackson-jaxrs-json-provider-2.9.1.jar:/home/gfzhujie/zhujie/kafka/kafka_2.11-1.0.0/bin/../libs/jackson-module-jaxb-annotations-2.9.1.jar:/home/gfzhujie/zhujie/kafka/kafka_2.11-1.0.0/bin/../libs/javassist-3.20.0-GA.jar:/home/gfzhujie/zhujie/kafka/kafka_2.11-1.0.0/bin/../libs/javassist-3.21.0-GA.jar:/home/gfzhujie/zhujie/kafka/kafka_2.11-1.0.0/bin/../libs/javax.annotation-api-1.2.jar:/home/gfzhujie/zhujie/kafka/kafka_2.11-1.0.0/bin/../libs/javax.inject-1.jar:/home/gfzhujie/zhujie/kafka/kafka_2.11-1.0.0/bin/../libs/javax.inject-2.5.0-b32.jar:/home/gfzhujie/zhujie/kafka/kafka_2.11-1.0.0/bin/../libs/javax.servlet-api-3.1.0.jar:/home/gfzhujie/zhujie/kafka/kafka_2.11-1.0.0/bin/../libs/javax.ws.rs-api-2.0.1.jar:/home/gfzhujie/zhujie/kafka/kafka_2.11-1.0.0/bin/../libs/jersey-client-2.25.1.jar:/home/gfzhujie/zhujie/kafka/kafka_2.11-1.0.0/bin/../libs/jersey-common-2.25.1.jar:/home/gfzhujie/zhujie/kafka/kafka_2.11-1.0.0/bin/../libs/jersey-container-servlet-2.25.1.jar:/home/gfzhujie/zhujie/kafka/kafka_2.11-1.0.0/bin/../libs/jersey-container-servlet-core-2.25.1.jar:/home/gfzhujie/zhujie/kafka/kafka_2.11-1.0.0/bin/../libs/jersey-guava-2.25.1.jar:/home/gfzhujie/zhujie/kafka/kafka_2.11-1.0.0/bin/../libs/jersey-media-jaxb-2.25.1.jar:/home/gfzhujie/zhujie/kafka/kafka_2.11-1.0.0/bin/../libs/jersey-server-2.25.1.jar:/home/gfzhujie/zhujie/kafka/kafka_2.11-1.0.0/bin/../libs/jetty-continuation-9.2.22.v20170606.jar:/home/gfzhujie/zhujie/kafka/kafka_2.11-1.0.0/bin/../libs/jetty-http-9.2.22.v20170606.jar:/home/gfzhujie/zhujie/kafka/kafka_2.11-1.0.0/bin/../libs/jetty-io-9.2.22.v20170606.jar:/home/gfzhujie/zhujie/kafka/kafka_2.11-1.0.0/bin/../libs/jetty-security-9.2.22.v20170606.jar:/home/gfzhujie/zhujie/kafka/kafka_2.11-1.0.0/bin/../libs/jetty-server-9.2.22.v20170606.jar:/home/gfzhujie/zhujie/kafka/kafka_2.11-1.0.0/bin/../libs/jetty-servlet-9.2.22.v20170606.jar:/home/gfzhujie/zhujie/kafka/kafka_2.11-1.0.0/bin/../libs/jetty-servlets-9.2.22.v20170606.jar:/home/gfzhujie/zhujie/kafka/kafka_2.11-1.0.0/bin/../libs/jetty-util-9.2.22.v20170606.jar:/home/gfzhujie/zhujie/kafka/kafka_2.11-1.0.0/bin/../libs/jopt-simple-5.0.4.jar:/home/gfzhujie/zhujie/kafka/kafka_2.11-1.0.0/bin/../libs/kafka_2.11-1.0.0.jar:/home/gfzhujie/zhujie/kafka/kafka_2.11-1.0.0/bin/../libs/kafka_2.11-1.0.0-sources.jar:/home/gfzhujie/zhujie/kafka/kafka_2.11-1.0.0/bin/../libs/kafka_2.11-1.0.0-test-sources.jar:/home/gfzhujie/zhujie/kafka/kafka_2.11-1.0.0/bin/../libs/kafka-clients-1.0.0.jar:/home/gfzhujie/zhujie/kafka/kafka_2.11-1.0.0/bin/../libs/kafka-log4j-appender-1.0.0.jar:/home/gfzhujie/zhujie/kafka/kafka_2.11-1.0.0/bin/../libs/kafka-streams-1.0.0.jar:/home/gfzhujie/zhujie/kafka/kafka_2.11-1.0.0/bin/../libs/kafka-streams-examples-1.0.0.jar:/home/gfzhujie/zhujie/kafka/kafka_2.11-1.0.0/bin/../libs/kafka-tools-1.0.0.jar:/home/gfzhujie/zhujie/kafka/kafka_2.11-1.0.0/bin/../libs/log4j-1.2.17.jar:/home/gfzhujie/zhujie/kafka/kafka_2.11-1.0.0/bin/../libs/lz4-java-1.4.jar:/home/gfzhujie/zhujie/kafka/kafka_2.11-1.0.0/bin/../libs/maven-artifact-3.5.0.jar:/home/gfzhujie/zhujie/kafka/kafka_2.11-1.0.0/bin/../libs/metrics-core-2.2.0.jar:/home/gfzhujie/zhujie/kafka/kafka_2.11-1.0.0/bin/../libs/osgi-resource-locator-1.0.1.jar:/home/gfzhujie/zhujie/kafka/kafka_2.11-1.0.0/bin/../libs/plexus-utils-3.0.24.jar:/home/gfzhujie/zhujie/kafka/kafka_2.11-1.0.0/bin/../libs/reflections-0.9.11.jar:/home/gfzhujie/zhujie/kafka/kafka_2.11-1.0.0/bin/../libs/rocksdbjni-5.7.3.jar:/home/gfzhujie/zhujie/kafka/kafka_2.11-1.0.0/bin/../libs/scala-library-2.11.11.jar:/home/gfzhujie/zhujie/kafka/kafka_2.11-1.0.0/bin/../libs/slf4j-api-1.7.25.jar:/home/gfzhujie/zhujie/kafka/kafka_2.11-1.0.0/bin/../libs/slf4j-log4j12-1.7.25.jar:/home/gfzhujie/zhujie/kafka/kafka_2.11-1.0.0/bin/../libs/snappy-java-1.1.4.jar:/home/gfzhujie/zhujie/kafka/kafka_2.11-1.0.0/bin/../libs/validation-api-1.1.0.Final.jar:/home/gfzhujie/zhujie/kafka/kafka_2.11-1.0.0/bin/../libs/zkclient-0.10.jar:/home/gfzhujie/zhujie/kafka/kafka_2.11-1.0.0/bin/../libs/zookeeper-3.4.10.jar (org.apache.zookeeper.ZooKeeper)
[2018-04-02 09:26:39,218] INFO Client environment:java.library.path=/usr/java/packages/lib/amd64:/usr/lib64:/lib64:/lib:/usr/lib (org.apache.zookeeper.ZooKeeper)
[2018-04-02 09:26:39,218] INFO Client environment:java.io.tmpdir=/tmp (org.apache.zookeeper.ZooKeeper)
[2018-04-02 09:26:39,218] INFO Client environment:java.compiler=<NA> (org.apache.zookeeper.ZooKeeper)
[2018-04-02 09:26:39,218] INFO Client environment:os.name=Linux (org.apache.zookeeper.ZooKeeper)
[2018-04-02 09:26:39,218] INFO Client environment:os.arch=amd64 (org.apache.zookeeper.ZooKeeper)
[2018-04-02 09:26:39,218] INFO Client environment:os.version=4.10.0-37-generic (org.apache.zookeeper.ZooKeeper)
[2018-04-02 09:26:39,218] INFO Client environment:user.name=root (org.apache.zookeeper.ZooKeeper)
[2018-04-02 09:26:39,218] INFO Client environment:user.home=/root (org.apache.zookeeper.ZooKeeper)
[2018-04-02 09:26:39,218] INFO Client environment:user.dir=/home/zhujie/kafka/kafka_2.11-1.0.0 (org.apache.zookeeper.ZooKeeper)
[2018-04-02 09:26:39,219] INFO Initiating client connection, connectString=localhost:2181 sessionTimeout=6000 watcher=org.I0Itec.zkclient.ZkClient@515aebb0 (org.apache.zookeeper.ZooKeeper)
[2018-04-02 09:26:39,230] INFO Waiting for keeper state SyncConnected (org.I0Itec.zkclient.ZkClient)
[2018-04-02 09:26:39,231] INFO Opening socket connection to server localhost/127.0.0.1:2181. Will not attempt to authenticate using SASL (unknown error) (org.apache.zookeeper.ClientCnxn)
[2018-04-02 09:26:39,236] INFO Accepted socket connection from /127.0.0.1:57102 (org.apache.zookeeper.server.NIOServerCnxnFactory)
[2018-04-02 09:26:39,236] INFO Socket connection established to localhost/127.0.0.1:2181, initiating session (org.apache.zookeeper.ClientCnxn)
[2018-04-02 09:26:39,239] INFO Client attempting to establish new session at /127.0.0.1:57102 (org.apache.zookeeper.server.ZooKeeperServer)
[2018-04-02 09:26:39,261] INFO Established session 0x16283f350ea0001 with negotiated timeout 6000 for client /127.0.0.1:57102 (org.apache.zookeeper.server.ZooKeeperServer)
[2018-04-02 09:26:39,264] INFO Session establishment complete on server localhost/127.0.0.1:2181, sessionid = 0x16283f350ea0001, negotiated timeout = 6000 (org.apache.zookeeper.ClientCnxn)
[2018-04-02 09:26:39,267] INFO zookeeper state changed (SyncConnected) (org.I0Itec.zkclient.ZkClient)
[2018-04-02 09:26:39,442] INFO Cluster ID = EO-vI62wSh-UnGeDb8ulCw (kafka.server.KafkaServer)
[2018-04-02 09:26:39,479] INFO [ThrottledRequestReaper-Fetch]: Starting (kafka.server.ClientQuotaManager$ThrottledRequestReaper)
[2018-04-02 09:26:39,479] INFO [ThrottledRequestReaper-Produce]: Starting (kafka.server.ClientQuotaManager$ThrottledRequestReaper)
[2018-04-02 09:26:39,481] INFO [ThrottledRequestReaper-Request]: Starting (kafka.server.ClientQuotaManager$ThrottledRequestReaper)
[2018-04-02 09:26:39,517] INFO Loading logs. (kafka.log.LogManager)
[2018-04-02 09:26:39,565] INFO Loading producer state from offset 0 for partition logs-1 with message format version 2 (kafka.log.Log)
[2018-04-02 09:26:39,574] INFO Completed load of log logs-1 with 1 log segments, log start offset 0 and log end offset 0 in 37 ms (kafka.log.Log)
[2018-04-02 09:26:39,582] INFO Logs loading complete in 65 ms. (kafka.log.LogManager)
[2018-04-02 09:26:39,635] INFO Starting log cleanup with a period of 300000 ms. (kafka.log.LogManager)
[2018-04-02 09:26:39,636] INFO Starting log flusher with a default period of 9223372036854775807 ms. (kafka.log.LogManager)
[2018-04-02 09:26:39,883] INFO Awaiting socket connections on 0.0.0.0:9092. (kafka.network.Acceptor)
[2018-04-02 09:26:39,886] INFO [SocketServer brokerId=1] Started 1 acceptor threads (kafka.network.SocketServer)
[2018-04-02 09:26:39,900] INFO [ExpirationReaper-1-Produce]: Starting (kafka.server.DelayedOperationPurgatory$ExpiredOperationReaper)
[2018-04-02 09:26:39,901] INFO [ExpirationReaper-1-Fetch]: Starting (kafka.server.DelayedOperationPurgatory$ExpiredOperationReaper)
[2018-04-02 09:26:39,901] INFO [ExpirationReaper-1-DeleteRecords]: Starting (kafka.server.DelayedOperationPurgatory$ExpiredOperationReaper)
[2018-04-02 09:26:39,911] INFO [LogDirFailureHandler]: Starting (kafka.server.ReplicaManager$LogDirFailureHandler)
[2018-04-02 09:26:39,941] INFO [ExpirationReaper-1-topic]: Starting (kafka.server.DelayedOperationPurgatory$ExpiredOperationReaper)
[2018-04-02 09:26:39,944] INFO [ExpirationReaper-1-Heartbeat]: Starting (kafka.server.DelayedOperationPurgatory$ExpiredOperationReaper)
[2018-04-02 09:26:39,945] INFO [ExpirationReaper-1-Rebalance]: Starting (kafka.server.DelayedOperationPurgatory$ExpiredOperationReaper)
[2018-04-02 09:26:39,953] INFO Creating /controller (is it secure? false) (kafka.utils.ZKCheckedEphemeral)
[2018-04-02 09:26:39,959] INFO [GroupCoordinator 1]: Starting up. (kafka.coordinator.group.GroupCoordinator)
[2018-04-02 09:26:39,960] INFO [GroupCoordinator 1]: Startup complete. (kafka.coordinator.group.GroupCoordinator)
[2018-04-02 09:26:39,961] INFO [GroupMetadataManager brokerId=1] Removed 0 expired offsets in 1 milliseconds. (kafka.coordinator.group.GroupMetadataManager)
[2018-04-02 09:26:39,972] INFO Result of znode creation is: OK (kafka.utils.ZKCheckedEphemeral)
[2018-04-02 09:26:39,988] INFO [ProducerId Manager 1]: Acquired new producerId block (brokerId:1,blockStartProducerId:1000,blockEndProducerId:1999) by writing to Zk with path version 2 (kafka.coordinator.transaction.ProducerIdManager)
[2018-04-02 09:26:40,022] INFO [TransactionCoordinator id=1] Starting up. (kafka.coordinator.transaction.TransactionCoordinator)
[2018-04-02 09:26:40,023] INFO [Transaction Marker Channel Manager 1]: Starting (kafka.coordinator.transaction.TransactionMarkerChannelManager)
[2018-04-02 09:26:40,023] INFO [TransactionCoordinator id=1] Startup complete. (kafka.coordinator.transaction.TransactionCoordinator)
[2018-04-02 09:26:40,066] INFO Creating /brokers/ids/1 (is it secure? false) (kafka.utils.ZKCheckedEphemeral)
[2018-04-02 09:26:40,068] INFO Got user-level KeeperException when processing sessionid:0x16283f350ea0001 type:create cxid:0x35 zxid:0x23 txntype:-1 reqpath:n/a Error Path:/brokers Error:KeeperErrorCode = NodeExists for /brokers (org.apache.zookeeper.server.PrepRequestProcessor)
[2018-04-02 09:26:40,068] INFO Got user-level KeeperException when processing sessionid:0x16283f350ea0001 type:create cxid:0x36 zxid:0x24 txntype:-1 reqpath:n/a Error Path:/brokers/ids Error:KeeperErrorCode = NodeExists for /brokers/ids (org.apache.zookeeper.server.PrepRequestProcessor)
[2018-04-02 09:26:40,075] INFO Got user-level KeeperException when processing sessionid:0x16283f350ea0001 type:delete cxid:0x38 zxid:0x26 txntype:-1 reqpath:n/a Error Path:/admin/preferred_replica_election Error:KeeperErrorCode = NoNode for /admin/preferred_replica_election (org.apache.zookeeper.server.PrepRequestProcessor)
[2018-04-02 09:26:40,098] INFO Result of znode creation is: OK (kafka.utils.ZKCheckedEphemeral)
[2018-04-02 09:26:40,101] INFO Registered broker 1 at path /brokers/ids/1 with addresses: EndPoint(jacky-OptiPlex-7010,9092,ListenerName(PLAINTEXT),PLAINTEXT) (kafka.utils.ZkUtils)
[2018-04-02 09:26:40,107] INFO Kafka version : 1.0.0 (org.apache.kafka.common.utils.AppInfoParser)
[2018-04-02 09:26:40,107] INFO Kafka commitId : aaa7af6d4a11b29d (org.apache.kafka.common.utils.AppInfoParser)
[2018-04-02 09:26:40,109] INFO [KafkaServer id=1] started (kafka.server.KafkaServer)
[2018-04-02 09:28:38,614] INFO Accepted socket connection from /127.0.0.1:57106 (org.apache.zookeeper.server.NIOServerCnxnFactory)
[2018-04-02 09:28:38,619] INFO Client attempting to establish new session at /127.0.0.1:57106 (org.apache.zookeeper.server.ZooKeeperServer)
[2018-04-02 09:28:38,633] INFO Established session 0x16283f350ea0002 with negotiated timeout 30000 for client /127.0.0.1:57106 (org.apache.zookeeper.server.ZooKeeperServer)
[2018-04-02 09:28:38,828] INFO Got user-level KeeperException when processing sessionid:0x16283f350ea0002 type:setData cxid:0x4 zxid:0x28 txntype:-1 reqpath:n/a Error Path:/config/topics/test Error:KeeperErrorCode = NoNode for /config/topics/test (org.apache.zookeeper.server.PrepRequestProcessor)
[2018-04-02 09:28:38,844] INFO Got user-level KeeperException when processing sessionid:0x16283f350ea0002 type:create cxid:0x6 zxid:0x29 txntype:-1 reqpath:n/a Error Path:/config/topics Error:KeeperErrorCode = NodeExists for /config/topics (org.apache.zookeeper.server.PrepRequestProcessor)
[2018-04-02 09:28:38,900] INFO Processed session termination for sessionid: 0x16283f350ea0002 (org.apache.zookeeper.server.PrepRequestProcessor)
[2018-04-02 09:28:38,915] INFO Closed socket connection for client /127.0.0.1:57106 which had sessionid 0x16283f350ea0002 (org.apache.zookeeper.server.NIOServerCnxn)
[2018-04-02 09:28:38,927] INFO Got user-level KeeperException when processing sessionid:0x16283f350ea0001 type:create cxid:0x43 zxid:0x2d txntype:-1 reqpath:n/a Error Path:/brokers/topics/test/partitions/0 Error:KeeperErrorCode = NoNode for /brokers/topics/test/partitions/0 (org.apache.zookeeper.server.PrepRequestProcessor)
[2018-04-02 09:28:38,945] INFO Got user-level KeeperException when processing sessionid:0x16283f350ea0001 type:create cxid:0x44 zxid:0x2e txntype:-1 reqpath:n/a Error Path:/brokers/topics/test/partitions Error:KeeperErrorCode = NoNode for /brokers/topics/test/partitions (org.apache.zookeeper.server.PrepRequestProcessor)
[2018-04-02 09:28:39,013] INFO [ReplicaFetcherManager on broker 1] Removed fetcher for partitions test-0 (kafka.server.ReplicaFetcherManager)
[2018-04-02 09:28:39,022] INFO Loading producer state from offset 0 for partition test-0 with message format version 2 (kafka.log.Log)
[2018-04-02 09:28:39,025] INFO Completed load of log test-0 with 1 log segments, log start offset 0 and log end offset 0 in 3 ms (kafka.log.Log)
[2018-04-02 09:28:39,029] INFO Created log for partition [test,0] in /home/gfzhujie/zhujie/kafka/kafka_2.11-1.0.0/data with properties {compression.type -> producer, message.format.version -> 1.0-IV0, file.delete.delay.ms -> 60000, max.message.bytes -> 1000012, min.compaction.lag.ms -> 0, message.timestamp.type -> CreateTime, min.insync.replicas -> 1, segment.jitter.ms -> 0, preallocate -> false, min.cleanable.dirty.ratio -> 0.5, index.interval.bytes -> 4096, unclean.leader.election.enable -> false, retention.bytes -> -1, delete.retention.ms -> 86400000, cleanup.policy -> [delete], flush.ms -> 9223372036854775807, segment.ms -> 604800000, segment.bytes -> 1073741824, retention.ms -> 604800000, message.timestamp.difference.max.ms -> 9223372036854775807, segment.index.bytes -> 10485760, flush.messages -> 9223372036854775807}. (kafka.log.LogManager)
[2018-04-02 09:28:39,030] INFO [Partition test-0 broker=1] No checkpointed highwatermark is found for partition test-0 (kafka.cluster.Partition)
[2018-04-02 09:28:39,034] INFO Replica loaded for partition test-0 with initial high watermark 0 (kafka.cluster.Replica)
[2018-04-02 09:28:39,036] INFO [Partition test-0 broker=1] test-0 starts at Leader Epoch 0 from offset 0. Previous Leader Epoch was: -1 (kafka.cluster.Partition)
[2018-04-02 09:29:05,407] INFO Accepted socket connection from /127.0.0.1:57108 (org.apache.zookeeper.server.NIOServerCnxnFactory)
[2018-04-02 09:29:05,411] INFO Client attempting to establish new session at /127.0.0.1:57108 (org.apache.zookeeper.server.ZooKeeperServer)
[2018-04-02 09:29:05,437] INFO Established session 0x16283f350ea0003 with negotiated timeout 30000 for client /127.0.0.1:57108 (org.apache.zookeeper.server.ZooKeeperServer)
[2018-04-02 09:29:05,455] INFO Processed session termination for sessionid: 0x16283f350ea0003 (org.apache.zookeeper.server.PrepRequestProcessor)
[2018-04-02 09:29:05,465] INFO Closed socket connection for client /127.0.0.1:57108 which had sessionid 0x16283f350ea0003 (org.apache.zookeeper.server.NIOServerCnxn)
[2018-04-02 09:30:16,343] INFO Accepted socket connection from /127.0.0.1:57110 (org.apache.zookeeper.server.NIOServerCnxnFactory)
[2018-04-02 09:30:16,348] INFO Client attempting to establish new session at /127.0.0.1:57110 (org.apache.zookeeper.server.ZooKeeperServer)
[2018-04-02 09:30:16,477] INFO Established session 0x16283f350ea0004 with negotiated timeout 30000 for client /127.0.0.1:57110 (org.apache.zookeeper.server.ZooKeeperServer)
[2018-04-02 09:30:16,509] INFO Processed session termination for sessionid: 0x16283f350ea0004 (org.apache.zookeeper.server.PrepRequestProcessor)
[2018-04-02 09:30:16,543] INFO Closed socket connection for client /127.0.0.1:57110 which had sessionid 0x16283f350ea0004 (org.apache.zookeeper.server.NIOServerCnxn)
[2018-04-02 09:31:51,074] INFO Accepted socket connection from /127.0.0.1:57112 (org.apache.zookeeper.server.NIOServerCnxnFactory)
[2018-04-02 09:31:51,077] INFO Client attempting to establish new session at /127.0.0.1:57112 (org.apache.zookeeper.server.ZooKeeperServer)
[2018-04-02 09:31:51,203] INFO Established session 0x16283f350ea0005 with negotiated timeout 30000 for client /127.0.0.1:57112 (org.apache.zookeeper.server.ZooKeeperServer)
[2018-04-02 09:31:51,467] INFO Processed session termination for sessionid: 0x16283f350ea0005 (org.apache.zookeeper.server.PrepRequestProcessor)
[2018-04-02 09:31:51,499] INFO Closed socket connection for client /127.0.0.1:57112 which had sessionid 0x16283f350ea0005 (org.apache.zookeeper.server.NIOServerCnxn)
[2018-04-02 09:32:31,333] INFO Accepted socket connection from /127.0.0.1:57114 (org.apache.zookeeper.server.NIOServerCnxnFactory)
[2018-04-02 09:32:31,336] INFO Client attempting to establish new session at /127.0.0.1:57114 (org.apache.zookeeper.server.ZooKeeperServer)
[2018-04-02 09:32:31,370] INFO Established session 0x16283f350ea0006 with negotiated timeout 30000 for client /127.0.0.1:57114 (org.apache.zookeeper.server.ZooKeeperServer)
[2018-04-02 09:32:31,391] INFO Processed session termination for sessionid: 0x16283f350ea0006 (org.apache.zookeeper.server.PrepRequestProcessor)
[2018-04-02 09:32:31,407] INFO Closed socket connection for client /127.0.0.1:57114 which had sessionid 0x16283f350ea0006 (org.apache.zookeeper.server.NIOServerCnxn)
[2018-04-02 09:33:48,645] INFO Updated PartitionLeaderEpoch. New: {epoch:0, offset:0}, Current: {epoch:-1, offset-1} for Partition: test-0. Cache now contains 0 entries. (kafka.server.epoch.LeaderEpochFileCache)
