[2018-04-02 11:23:06,851] INFO Reading configuration from: config/zookeeper.properties (org.apache.zookeeper.server.quorum.QuorumPeerConfig)
[2018-04-02 11:23:06,857] INFO autopurge.snapRetainCount set to 3 (org.apache.zookeeper.server.DatadirCleanupManager)
[2018-04-02 11:23:06,857] INFO autopurge.purgeInterval set to 0 (org.apache.zookeeper.server.DatadirCleanupManager)
[2018-04-02 11:23:06,857] INFO Purge task is not scheduled. (org.apache.zookeeper.server.DatadirCleanupManager)
[2018-04-02 11:23:06,857] WARN Either no config or no quorum defined in config, running  in standalone mode (org.apache.zookeeper.server.quorum.QuorumPeerMain)
[2018-04-02 11:23:06,883] INFO Reading configuration from: config/zookeeper.properties (org.apache.zookeeper.server.quorum.QuorumPeerConfig)
[2018-04-02 11:23:06,884] INFO Starting server (org.apache.zookeeper.server.ZooKeeperServerMain)
[2018-04-02 11:23:09,931] INFO Server environment:zookeeper.version=3.4.10-39d3a4f269333c922ed3db283be479f9deacaa0f, built on 03/23/2017 10:13 GMT (org.apache.zookeeper.server.ZooKeeperServer)
[2018-04-02 11:23:09,931] INFO Server environment:host.name=10.1.177.35 (org.apache.zookeeper.server.ZooKeeperServer)
[2018-04-02 11:23:09,932] INFO Server environment:java.version=1.8.0_121 (org.apache.zookeeper.server.ZooKeeperServer)
[2018-04-02 11:23:09,932] INFO Server environment:java.vendor=Oracle Corporation (org.apache.zookeeper.server.ZooKeeperServer)
[2018-04-02 11:23:09,932] INFO Server environment:java.home=/Library/Java/JavaVirtualMachines/jdk1.8.0_121.jdk/Contents/Home/jre (org.apache.zookeeper.server.ZooKeeperServer)
[2018-04-02 11:23:09,932] INFO Server environment:java.class.path=:/Users/zj/company_code/kafakainfo/bin/../libs/aopalliance-repackaged-2.5.0-b32.jar:/Users/zj/company_code/kafakainfo/bin/../libs/argparse4j-0.7.0.jar:/Users/zj/company_code/kafakainfo/bin/../libs/commons-lang3-3.5.jar:/Users/zj/company_code/kafakainfo/bin/../libs/connect-api-1.0.0.jar:/Users/zj/company_code/kafakainfo/bin/../libs/connect-file-1.0.0.jar:/Users/zj/company_code/kafakainfo/bin/../libs/connect-json-1.0.0.jar:/Users/zj/company_code/kafakainfo/bin/../libs/connect-runtime-1.0.0.jar:/Users/zj/company_code/kafakainfo/bin/../libs/connect-transforms-1.0.0.jar:/Users/zj/company_code/kafakainfo/bin/../libs/guava-20.0.jar:/Users/zj/company_code/kafakainfo/bin/../libs/hk2-api-2.5.0-b32.jar:/Users/zj/company_code/kafakainfo/bin/../libs/hk2-locator-2.5.0-b32.jar:/Users/zj/company_code/kafakainfo/bin/../libs/hk2-utils-2.5.0-b32.jar:/Users/zj/company_code/kafakainfo/bin/../libs/jackson-annotations-2.9.1.jar:/Users/zj/company_code/kafakainfo/bin/../libs/jackson-core-2.9.1.jar:/Users/zj/company_code/kafakainfo/bin/../libs/jackson-databind-2.9.1.jar:/Users/zj/company_code/kafakainfo/bin/../libs/jackson-jaxrs-base-2.9.1.jar:/Users/zj/company_code/kafakainfo/bin/../libs/jackson-jaxrs-json-provider-2.9.1.jar:/Users/zj/company_code/kafakainfo/bin/../libs/jackson-module-jaxb-annotations-2.9.1.jar:/Users/zj/company_code/kafakainfo/bin/../libs/javassist-3.20.0-GA.jar:/Users/zj/company_code/kafakainfo/bin/../libs/javassist-3.21.0-GA.jar:/Users/zj/company_code/kafakainfo/bin/../libs/javax.annotation-api-1.2.jar:/Users/zj/company_code/kafakainfo/bin/../libs/javax.inject-1.jar:/Users/zj/company_code/kafakainfo/bin/../libs/javax.inject-2.5.0-b32.jar:/Users/zj/company_code/kafakainfo/bin/../libs/javax.servlet-api-3.1.0.jar:/Users/zj/company_code/kafakainfo/bin/../libs/javax.ws.rs-api-2.0.1.jar:/Users/zj/company_code/kafakainfo/bin/../libs/jersey-client-2.25.1.jar:/Users/zj/company_code/kafakainfo/bin/../libs/jersey-common-2.25.1.jar:/Users/zj/company_code/kafakainfo/bin/../libs/jersey-container-servlet-2.25.1.jar:/Users/zj/company_code/kafakainfo/bin/../libs/jersey-container-servlet-core-2.25.1.jar:/Users/zj/company_code/kafakainfo/bin/../libs/jersey-guava-2.25.1.jar:/Users/zj/company_code/kafakainfo/bin/../libs/jersey-media-jaxb-2.25.1.jar:/Users/zj/company_code/kafakainfo/bin/../libs/jersey-server-2.25.1.jar:/Users/zj/company_code/kafakainfo/bin/../libs/jetty-continuation-9.2.22.v20170606.jar:/Users/zj/company_code/kafakainfo/bin/../libs/jetty-http-9.2.22.v20170606.jar:/Users/zj/company_code/kafakainfo/bin/../libs/jetty-io-9.2.22.v20170606.jar:/Users/zj/company_code/kafakainfo/bin/../libs/jetty-security-9.2.22.v20170606.jar:/Users/zj/company_code/kafakainfo/bin/../libs/jetty-server-9.2.22.v20170606.jar:/Users/zj/company_code/kafakainfo/bin/../libs/jetty-servlet-9.2.22.v20170606.jar:/Users/zj/company_code/kafakainfo/bin/../libs/jetty-servlets-9.2.22.v20170606.jar:/Users/zj/company_code/kafakainfo/bin/../libs/jetty-util-9.2.22.v20170606.jar:/Users/zj/company_code/kafakainfo/bin/../libs/jopt-simple-5.0.4.jar:/Users/zj/company_code/kafakainfo/bin/../libs/kafka-clients-1.0.0.jar:/Users/zj/company_code/kafakainfo/bin/../libs/kafka-log4j-appender-1.0.0.jar:/Users/zj/company_code/kafakainfo/bin/../libs/kafka-streams-1.0.0.jar:/Users/zj/company_code/kafakainfo/bin/../libs/kafka-streams-examples-1.0.0.jar:/Users/zj/company_code/kafakainfo/bin/../libs/kafka-tools-1.0.0.jar:/Users/zj/company_code/kafakainfo/bin/../libs/kafka_2.11-1.0.0-sources.jar:/Users/zj/company_code/kafakainfo/bin/../libs/kafka_2.11-1.0.0-test-sources.jar:/Users/zj/company_code/kafakainfo/bin/../libs/kafka_2.11-1.0.0.jar:/Users/zj/company_code/kafakainfo/bin/../libs/log4j-1.2.17.jar:/Users/zj/company_code/kafakainfo/bin/../libs/lz4-java-1.4.jar:/Users/zj/company_code/kafakainfo/bin/../libs/maven-artifact-3.5.0.jar:/Users/zj/company_code/kafakainfo/bin/../libs/metrics-core-2.2.0.jar:/Users/zj/company_code/kafakainfo/bin/../libs/osgi-resource-locator-1.0.1.jar:/Users/zj/company_code/kafakainfo/bin/../libs/plexus-utils-3.0.24.jar:/Users/zj/company_code/kafakainfo/bin/../libs/reflections-0.9.11.jar:/Users/zj/company_code/kafakainfo/bin/../libs/rocksdbjni-5.7.3.jar:/Users/zj/company_code/kafakainfo/bin/../libs/scala-library-2.11.11.jar:/Users/zj/company_code/kafakainfo/bin/../libs/slf4j-api-1.7.25.jar:/Users/zj/company_code/kafakainfo/bin/../libs/slf4j-log4j12-1.7.25.jar:/Users/zj/company_code/kafakainfo/bin/../libs/snappy-java-1.1.4.jar:/Users/zj/company_code/kafakainfo/bin/../libs/validation-api-1.1.0.Final.jar:/Users/zj/company_code/kafakainfo/bin/../libs/zkclient-0.10.jar:/Users/zj/company_code/kafakainfo/bin/../libs/zookeeper-3.4.10.jar (org.apache.zookeeper.server.ZooKeeperServer)
[2018-04-02 11:23:09,933] INFO Server environment:java.library.path=/Users/zj/Library/Java/Extensions:/Library/Java/Extensions:/Network/Library/Java/Extensions:/System/Library/Java/Extensions:/usr/lib/java:. (org.apache.zookeeper.server.ZooKeeperServer)
[2018-04-02 11:23:09,933] INFO Server environment:java.io.tmpdir=/var/folders/t9/4596_vp10pv7bfszpx9sfz380000gn/T/ (org.apache.zookeeper.server.ZooKeeperServer)
[2018-04-02 11:23:09,933] INFO Server environment:java.compiler=<NA> (org.apache.zookeeper.server.ZooKeeperServer)
[2018-04-02 11:23:09,933] INFO Server environment:os.name=Mac OS X (org.apache.zookeeper.server.ZooKeeperServer)
[2018-04-02 11:23:09,933] INFO Server environment:os.arch=x86_64 (org.apache.zookeeper.server.ZooKeeperServer)
[2018-04-02 11:23:09,933] INFO Server environment:os.version=10.12.5 (org.apache.zookeeper.server.ZooKeeperServer)
[2018-04-02 11:23:09,933] INFO Server environment:user.name=zj (org.apache.zookeeper.server.ZooKeeperServer)
[2018-04-02 11:23:09,933] INFO Server environment:user.home=/Users/zj (org.apache.zookeeper.server.ZooKeeperServer)
[2018-04-02 11:23:09,933] INFO Server environment:user.dir=/Users/zj/Documents/company_code/kafakainfo (org.apache.zookeeper.server.ZooKeeperServer)
[2018-04-02 11:23:09,942] INFO tickTime set to 3000 (org.apache.zookeeper.server.ZooKeeperServer)
[2018-04-02 11:23:09,942] INFO minSessionTimeout set to -1 (org.apache.zookeeper.server.ZooKeeperServer)
[2018-04-02 11:23:09,942] INFO maxSessionTimeout set to -1 (org.apache.zookeeper.server.ZooKeeperServer)
[2018-04-02 11:23:09,966] INFO binding to port 0.0.0.0/0.0.0.0:2181 (org.apache.zookeeper.server.NIOServerCnxnFactory)
[2018-04-02 11:23:12,858] INFO Accepted socket connection from /127.0.0.1:50554 (org.apache.zookeeper.server.NIOServerCnxnFactory)
[2018-04-02 11:23:12,873] INFO Client attempting to establish new session at /127.0.0.1:50554 (org.apache.zookeeper.server.ZooKeeperServer)
[2018-04-02 11:23:12,874] INFO Creating new log file: log.2b (org.apache.zookeeper.server.persistence.FileTxnLog)
[2018-04-02 11:23:12,923] INFO Established session 0x162846145460000 with negotiated timeout 6000 for client /127.0.0.1:50554 (org.apache.zookeeper.server.ZooKeeperServer)
[2018-04-02 11:23:14,045] INFO Got user-level KeeperException when processing sessionid:0x162846145460000 type:create cxid:0x35 zxid:0x2f txntype:-1 reqpath:n/a Error Path:/brokers Error:KeeperErrorCode = NodeExists for /brokers (org.apache.zookeeper.server.PrepRequestProcessor)
[2018-04-02 11:23:14,045] INFO Got user-level KeeperException when processing sessionid:0x162846145460000 type:create cxid:0x36 zxid:0x30 txntype:-1 reqpath:n/a Error Path:/brokers/ids Error:KeeperErrorCode = NodeExists for /brokers/ids (org.apache.zookeeper.server.PrepRequestProcessor)
[2018-04-02 11:23:14,048] INFO Got user-level KeeperException when processing sessionid:0x162846145460000 type:delete cxid:0x38 zxid:0x32 txntype:-1 reqpath:n/a Error Path:/admin/preferred_replica_election Error:KeeperErrorCode = NoNode for /admin/preferred_replica_election (org.apache.zookeeper.server.PrepRequestProcessor)
[2018-04-02 11:23:21,901] INFO Accepted socket connection from /127.0.0.1:50562 (org.apache.zookeeper.server.NIOServerCnxnFactory)
[2018-04-02 11:23:21,908] INFO Client attempting to establish new session at /127.0.0.1:50562 (org.apache.zookeeper.server.ZooKeeperServer)
[2018-04-02 11:23:21,912] INFO Established session 0x162846145460001 with negotiated timeout 30000 for client /127.0.0.1:50562 (org.apache.zookeeper.server.ZooKeeperServer)
[2018-04-02 11:23:22,195] INFO Got user-level KeeperException when processing sessionid:0x162846145460001 type:setData cxid:0x4 zxid:0x34 txntype:-1 reqpath:n/a Error Path:/config/topics/test Error:KeeperErrorCode = NoNode for /config/topics/test (org.apache.zookeeper.server.PrepRequestProcessor)
[2018-04-02 11:23:22,207] INFO Got user-level KeeperException when processing sessionid:0x162846145460001 type:create cxid:0x6 zxid:0x35 txntype:-1 reqpath:n/a Error Path:/config/topics Error:KeeperErrorCode = NodeExists for /config/topics (org.apache.zookeeper.server.PrepRequestProcessor)
[2018-04-02 11:23:22,233] INFO Processed session termination for sessionid: 0x162846145460001 (org.apache.zookeeper.server.PrepRequestProcessor)
[2018-04-02 11:23:22,238] INFO Closed socket connection for client /127.0.0.1:50562 which had sessionid 0x162846145460001 (org.apache.zookeeper.server.NIOServerCnxn)
[2018-04-02 11:23:22,304] INFO Got user-level KeeperException when processing sessionid:0x162846145460000 type:create cxid:0x43 zxid:0x39 txntype:-1 reqpath:n/a Error Path:/brokers/topics/test/partitions/0 Error:KeeperErrorCode = NoNode for /brokers/topics/test/partitions/0 (org.apache.zookeeper.server.PrepRequestProcessor)
[2018-04-02 11:23:22,309] INFO Got user-level KeeperException when processing sessionid:0x162846145460000 type:create cxid:0x44 zxid:0x3a txntype:-1 reqpath:n/a Error Path:/brokers/topics/test/partitions Error:KeeperErrorCode = NoNode for /brokers/topics/test/partitions (org.apache.zookeeper.server.PrepRequestProcessor)
[2018-04-02 11:23:31,183] INFO Accepted socket connection from /0:0:0:0:0:0:0:1:50571 (org.apache.zookeeper.server.NIOServerCnxnFactory)
[2018-04-02 11:23:31,191] INFO Client attempting to establish new session at /0:0:0:0:0:0:0:1:50571 (org.apache.zookeeper.server.ZooKeeperServer)
[2018-04-02 11:23:31,196] INFO Established session 0x162846145460002 with negotiated timeout 30000 for client /0:0:0:0:0:0:0:1:50571 (org.apache.zookeeper.server.ZooKeeperServer)
[2018-04-02 11:23:31,513] INFO Processed session termination for sessionid: 0x162846145460002 (org.apache.zookeeper.server.PrepRequestProcessor)
[2018-04-02 11:23:31,517] INFO Closed socket connection for client /0:0:0:0:0:0:0:1:50571 which had sessionid 0x162846145460002 (org.apache.zookeeper.server.NIOServerCnxn)
[2018-04-02 11:23:58,320] INFO Accepted socket connection from /0:0:0:0:0:0:0:1:50587 (org.apache.zookeeper.server.NIOServerCnxnFactory)
[2018-04-02 11:23:58,326] INFO Client attempting to establish new session at /0:0:0:0:0:0:0:1:50587 (org.apache.zookeeper.server.ZooKeeperServer)
[2018-04-02 11:23:58,330] INFO Established session 0x162846145460003 with negotiated timeout 30000 for client /0:0:0:0:0:0:0:1:50587 (org.apache.zookeeper.server.ZooKeeperServer)
[2018-04-02 11:23:58,358] INFO Processed session termination for sessionid: 0x162846145460003 (org.apache.zookeeper.server.PrepRequestProcessor)
[2018-04-02 11:23:58,361] INFO Closed socket connection for client /0:0:0:0:0:0:0:1:50587 which had sessionid 0x162846145460003 (org.apache.zookeeper.server.NIOServerCnxn)
[2018-04-02 11:24:48,249] INFO Accepted socket connection from /127.0.0.1:50619 (org.apache.zookeeper.server.NIOServerCnxnFactory)
[2018-04-02 11:24:48,258] INFO Client attempting to establish new session at /127.0.0.1:50619 (org.apache.zookeeper.server.ZooKeeperServer)
[2018-04-02 11:24:48,261] INFO Established session 0x162846145460004 with negotiated timeout 30000 for client /127.0.0.1:50619 (org.apache.zookeeper.server.ZooKeeperServer)
[2018-04-02 11:24:48,274] INFO Accepted socket connection from /0:0:0:0:0:0:0:1:50620 (org.apache.zookeeper.server.NIOServerCnxnFactory)
[2018-04-02 11:24:48,274] INFO Client attempting to establish new session at /0:0:0:0:0:0:0:1:50620 (org.apache.zookeeper.server.ZooKeeperServer)
[2018-04-02 11:24:48,277] INFO Established session 0x162846145460005 with negotiated timeout 30000 for client /0:0:0:0:0:0:0:1:50620 (org.apache.zookeeper.server.ZooKeeperServer)
[2018-04-02 11:24:48,295] INFO Accepted socket connection from /127.0.0.1:50621 (org.apache.zookeeper.server.NIOServerCnxnFactory)
[2018-04-02 11:24:48,295] INFO Client attempting to establish new session at /127.0.0.1:50621 (org.apache.zookeeper.server.ZooKeeperServer)
[2018-04-02 11:24:48,299] INFO Established session 0x162846145460006 with negotiated timeout 30000 for client /127.0.0.1:50621 (org.apache.zookeeper.server.ZooKeeperServer)
[2018-04-02 11:24:48,436] INFO Accepted socket connection from /0:0:0:0:0:0:0:1:50622 (org.apache.zookeeper.server.NIOServerCnxnFactory)
[2018-04-02 11:24:48,437] INFO Client attempting to establish new session at /0:0:0:0:0:0:0:1:50622 (org.apache.zookeeper.server.ZooKeeperServer)
[2018-04-02 11:24:48,439] INFO Established session 0x162846145460007 with negotiated timeout 6000 for client /0:0:0:0:0:0:0:1:50622 (org.apache.zookeeper.server.ZooKeeperServer)
[2018-04-02 11:24:48,715] INFO Got user-level KeeperException when processing sessionid:0x162846145460007 type:create cxid:0x2 zxid:0x46 txntype:-1 reqpath:n/a Error Path:/consumers Error:KeeperErrorCode = NodeExists for /consumers (org.apache.zookeeper.server.PrepRequestProcessor)
[2018-04-02 11:24:49,065] INFO Got user-level KeeperException when processing sessionid:0x162846145460007 type:create cxid:0x19 zxid:0x4a txntype:-1 reqpath:n/a Error Path:/consumers/console-consumer-28343/owners/test Error:KeeperErrorCode = NoNode for /consumers/console-consumer-28343/owners/test (org.apache.zookeeper.server.PrepRequestProcessor)
[2018-04-02 11:24:49,069] INFO Got user-level KeeperException when processing sessionid:0x162846145460007 type:create cxid:0x1a zxid:0x4b txntype:-1 reqpath:n/a Error Path:/consumers/console-consumer-28343/owners Error:KeeperErrorCode = NoNode for /consumers/console-consumer-28343/owners (org.apache.zookeeper.server.PrepRequestProcessor)
[2018-04-02 11:25:48,483] INFO Got user-level KeeperException when processing sessionid:0x162846145460007 type:setData cxid:0x24 zxid:0x4f txntype:-1 reqpath:n/a Error Path:/consumers/console-consumer-28343/offsets/test/0 Error:KeeperErrorCode = NoNode for /consumers/console-consumer-28343/offsets/test/0 (org.apache.zookeeper.server.PrepRequestProcessor)
[2018-04-02 11:25:48,490] INFO Got user-level KeeperException when processing sessionid:0x162846145460007 type:create cxid:0x25 zxid:0x50 txntype:-1 reqpath:n/a Error Path:/consumers/console-consumer-28343/offsets Error:KeeperErrorCode = NoNode for /consumers/console-consumer-28343/offsets (org.apache.zookeeper.server.PrepRequestProcessor)
[2018-04-02 11:28:22,537] INFO Accepted socket connection from /0:0:0:0:0:0:0:1:51097 (org.apache.zookeeper.server.NIOServerCnxnFactory)
[2018-04-02 11:28:22,543] INFO Client attempting to establish new session at /0:0:0:0:0:0:0:1:51097 (org.apache.zookeeper.server.ZooKeeperServer)
[2018-04-02 11:28:22,784] INFO Processed session termination for sessionid: 0x162846145460007 (org.apache.zookeeper.server.PrepRequestProcessor)
[2018-04-02 11:28:22,785] INFO Established session 0x162846145460008 with negotiated timeout 30000 for client /0:0:0:0:0:0:0:1:51097 (org.apache.zookeeper.server.ZooKeeperServer)
[2018-04-02 11:28:22,791] INFO Closed socket connection for client /0:0:0:0:0:0:0:1:50622 which had sessionid 0x162846145460007 (org.apache.zookeeper.server.NIOServerCnxn)
[2018-04-02 11:28:22,826] INFO Processed session termination for sessionid: 0x162846145460008 (org.apache.zookeeper.server.PrepRequestProcessor)
[2018-04-02 11:28:22,829] INFO Closed socket connection for client /0:0:0:0:0:0:0:1:51097 which had sessionid 0x162846145460008 (org.apache.zookeeper.server.NIOServerCnxn)
[2018-04-02 11:28:23,221] WARN caught end of stream exception (org.apache.zookeeper.server.NIOServerCnxn)
EndOfStreamException: Unable to read additional data from client sessionid 0x162846145460006, likely client has closed socket
	at org.apache.zookeeper.server.NIOServerCnxn.doIO(NIOServerCnxn.java:239)
	at org.apache.zookeeper.server.NIOServerCnxnFactory.run(NIOServerCnxnFactory.java:203)
	at java.lang.Thread.run(Thread.java:745)
[2018-04-02 11:28:23,226] INFO Closed socket connection for client /127.0.0.1:50621 which had sessionid 0x162846145460006 (org.apache.zookeeper.server.NIOServerCnxn)
[2018-04-02 11:28:23,226] WARN caught end of stream exception (org.apache.zookeeper.server.NIOServerCnxn)
EndOfStreamException: Unable to read additional data from client sessionid 0x162846145460005, likely client has closed socket
	at org.apache.zookeeper.server.NIOServerCnxn.doIO(NIOServerCnxn.java:239)
	at org.apache.zookeeper.server.NIOServerCnxnFactory.run(NIOServerCnxnFactory.java:203)
	at java.lang.Thread.run(Thread.java:745)
[2018-04-02 11:28:23,226] INFO Closed socket connection for client /0:0:0:0:0:0:0:1:50620 which had sessionid 0x162846145460005 (org.apache.zookeeper.server.NIOServerCnxn)
[2018-04-02 11:28:23,227] WARN caught end of stream exception (org.apache.zookeeper.server.NIOServerCnxn)
EndOfStreamException: Unable to read additional data from client sessionid 0x162846145460004, likely client has closed socket
	at org.apache.zookeeper.server.NIOServerCnxn.doIO(NIOServerCnxn.java:239)
	at org.apache.zookeeper.server.NIOServerCnxnFactory.run(NIOServerCnxnFactory.java:203)
	at java.lang.Thread.run(Thread.java:745)
[2018-04-02 11:28:23,227] INFO Closed socket connection for client /127.0.0.1:50619 which had sessionid 0x162846145460004 (org.apache.zookeeper.server.NIOServerCnxn)
